<?xml version="1.0" encoding="UTF-8"?>
<testsuites name="Iteration 2" time="4839.714" tests="30" failures="7" errors="0">
   <testsuite name="Iteration 2" tests="30" failures="7" errors="0" time="4839.714" skipped="0" timestamp="2022-01-11 06:14:28" hostname="antra - 192.168.16.1" id="Test Suites/Iteration 2">
      <properties>
[...]
</properties>
      <testcase name="Test Cases/Chat/Chat starred" time="165.332" classname="Test Cases/Chat/Chat starred" status="PASSED">
         <system-out><![CDATA[2022-01-11 06:14:29 - [TEST_CASE][PASSED] - Test Cases/Chat/Chat starred: Test Cases/Chat/Chat starred

2022-01-11 06:14:29 - [TEST_STEP][PASSED] - openBrowser(""): Browser is opened with url: ''

2022-01-11 06:14:29 - [MESSAGE][INFO] - Starting 'Chrome' driver

2022-01-11 06:14:29 - [MESSAGE][INFO] - Action delay is set to 0 milliseconds

2022-01-11 06:14:31 - [MESSAGE][PASSED] - Browser is opened with url: ''

2022-01-11 06:14:31 - [TEST_STEP][PASSED] - navigateToUrl("http://localhost/"): Navigate to 'http://localhost/' successfully

2022-01-11 06:14:32 - [MESSAGE][PASSED] - Navigate to 'http://localhost/' successfully

2022-01-11 06:14:32 - [TEST_STEP][PASSED] - click(findTestObject("Object Repository/Page_L Tm Anh/a_Log in")): Object: 'Object Repository/Page_L Tm Anh/a_Log in' is clicked on

2022-01-11 06:14:33 - [MESSAGE][PASSED] - Object: 'Object Repository/Page_L Tm Anh/a_Log in' is clicked on

2022-01-11 06:14:33 - [TEST_STEP][PASSED] - setText(findTestObject("Object Repository/Page_L Tm Anh Log in to the site/input_Username_username"), "anhle1"): Text 'anhle1' is set on object 'Object Repository/Page_L Tm Anh Log in to the site/input_Username_username'

2022-01-11 06:14:34 - [MESSAGE][PASSED] - Text 'anhle1' is set on object 'Object Repository/Page_L Tm Anh Log in to the site/input_Username_username'

2022-01-11 06:14:34 - [TEST_STEP][PASSED] - setEncryptedText(findTestObject("Object Repository/Page_L Tm Anh Log in to the site/input_Password_password"), "eGmz8XUbrLe3vUQiiiujBg=="): Text ****** has been set on object 'Object Repository/Page_L Tm Anh Log in to the site/input_Password_password'

2022-01-11 06:14:34 - [MESSAGE][PASSED] - Text ****** has been set on object 'Object Repository/Page_L Tm Anh Log in to the site/input_Password_password'

2022-01-11 06:14:34 - [TEST_STEP][PASSED] - click(findTestObject("Object Repository/Page_L Tm Anh Log in to the site/button_Log in")): Object: 'Object Repository/Page_L Tm Anh Log in to the site/button_Log in' is clicked on

2022-01-11 06:14:36 - [MESSAGE][PASSED] - Object: 'Object Repository/Page_L Tm Anh Log in to the site/button_Log in' is clicked on

2022-01-11 06:14:36 - [TEST_STEP][PASSED] - click(findTestObject("Object Repository/Page_Dashboard/a_0")): Object: 'Object Repository/Page_Dashboard/a_0' is clicked on

2022-01-11 06:15:07 - [MESSAGE][INFO] - Unable to find the element located by 'By.xpath: //a[@id='message-drawer-toggle-61dc107224f9a61dc1072131d45']'. Please recheck the objects properties to make sure the desired element is located. 

2022-01-11 06:15:07 - [MESSAGE][WARNING] - [SELF-HEALING] Failed to find element with id 'Object Repository/Page_Dashboard/a_0'. Try using Self-healing.

2022-01-11 06:15:07 - [MESSAGE][WARNING] - [SELF-HEALING] The current locator of test object 'Object Repository/Page_Dashboard/a_0' was broken. Propose an alternative one: '//div[@id='usernavigation']/div[2]/a'.

2022-01-11 06:15:07 - [MESSAGE][PASSED] - Object: 'Object Repository/Page_Dashboard/a_0' is clicked on

2022-01-11 06:15:07 - [TEST_STEP][PASSED] - click(findTestObject("Object Repository/Page_Dashboard/div_L CDE")): Object: 'Object Repository/Page_Dashboard/div_L CDE' is clicked on

2022-01-11 06:15:38 - [MESSAGE][INFO] - Unable to find the element located by 'By.xpath: //div[@id='view-overview-favourites-target-61dc107227d7461dc1072131d47']/div[2]/a/div/div'. Please recheck the objects properties to make sure the desired element is located. 

2022-01-11 06:15:38 - [MESSAGE][WARNING] - [SELF-HEALING] Failed to find element with id 'Object Repository/Page_Dashboard/div_L CDE'. Try using Self-healing.

2022-01-11 06:15:39 - [MESSAGE][WARNING] - [SELF-HEALING] The current locator of test object 'Object Repository/Page_Dashboard/div_L CDE' was broken. Propose an alternative one: '(.//*[normalize-space(text()) and normalize-space(.)='Starred'])[1]/following::div[5]'.

2022-01-11 06:15:39 - [MESSAGE][PASSED] - Object: 'Object Repository/Page_Dashboard/div_L CDE' is clicked on

2022-01-11 06:15:39 - [TEST_STEP][PASSED] - setText(findTestObject("Object Repository/Page_Dashboard/textarea_Use enter to send_yui_3_17_2_1_164_f30280"), "alo"): Text 'alo' is set on object 'Object Repository/Page_Dashboard/textarea_Use enter to send_yui_3_17_2_1_164_f30280'

2022-01-11 06:16:10 - [MESSAGE][INFO] - Unable to find the element located by 'By.xpath: //textarea[@id='yui_3_17_2_1_1641812082235_35']'. Please recheck the objects properties to make sure the desired element is located. 

2022-01-11 06:16:10 - [MESSAGE][WARNING] - [SELF-HEALING] Failed to find element with id 'Object Repository/Page_Dashboard/textarea_Use enter to send_yui_3_17_2_1_164_f30280'. Try using Self-healing.

2022-01-11 06:16:10 - [MESSAGE][WARNING] - [SELF-HEALING] The current locator of test object 'Object Repository/Page_Dashboard/textarea_Use enter to send_yui_3_17_2_1_164_f30280' was broken. Propose an alternative one: '//textarea'.

2022-01-11 06:16:41 - [MESSAGE][INFO] - Unable to find the element located by 'By.xpath: //textarea[@id='yui_3_17_2_1_1641812082235_35']'. Please recheck the objects properties to make sure the desired element is located. 

2022-01-11 06:16:41 - [MESSAGE][WARNING] - [SELF-HEALING] Failed to find element with id 'Object Repository/Page_Dashboard/textarea_Use enter to send_yui_3_17_2_1_164_f30280'. Try using Self-healing.

2022-01-11 06:16:42 - [MESSAGE][WARNING] - [SELF-HEALING] The current locator of test object 'Object Repository/Page_Dashboard/textarea_Use enter to send_yui_3_17_2_1_164_f30280' was broken. Propose an alternative one: '//textarea'.

2022-01-11 06:16:42 - [MESSAGE][PASSED] - Text 'alo' is set on object 'Object Repository/Page_Dashboard/textarea_Use enter to send_yui_3_17_2_1_164_f30280'

2022-01-11 06:16:42 - [TEST_STEP][PASSED] - click(findTestObject("Object Repository/Page_Dashboard/button__btn btn-link btn-icon icon-size-3 m_754a09")): Object: 'Object Repository/Page_Dashboard/button__btn btn-link btn-icon icon-size-3 m_754a09' is clicked on

2022-01-11 06:17:13 - [MESSAGE][INFO] - Unable to find the element located by 'By.xpath: //div[@id='yui_3_17_2_1_1641812082235_36']/div/button[2]'. Please recheck the objects properties to make sure the desired element is located. 

2022-01-11 06:17:13 - [MESSAGE][WARNING] - [SELF-HEALING] Failed to find element with id 'Object Repository/Page_Dashboard/button__btn btn-link btn-icon icon-size-3 m_754a09'. Try using Self-healing.

2022-01-11 06:17:13 - [MESSAGE][WARNING] - [SELF-HEALING] The current locator of test object 'Object Repository/Page_Dashboard/button__btn btn-link btn-icon icon-size-3 m_754a09' was broken. Propose an alternative one: '(.//*[normalize-space(text()) and normalize-space(.)='😠'])[1]/following::button[2]'.

2022-01-11 06:17:13 - [MESSAGE][PASSED] - Object: 'Object Repository/Page_Dashboard/button__btn btn-link btn-icon icon-size-3 m_754a09' is clicked on

2022-01-11 06:17:13 - [TEST_STEP][PASSED] - closeBrowser(): Browser is closed

2022-01-11 06:17:14 - [MESSAGE][PASSED] - Browser is closed]]></system-out>
         <system-err><![CDATA[]]></system-err>
      </testcase>
      <testcase name="Test Cases/Chat/Chat with group" time="165.916" classname="Test Cases/Chat/Chat with group" status="PASSED">
         <system-out><![CDATA[2022-01-11 06:17:14 - [TEST_CASE][PASSED] - Test Cases/Chat/Chat with group: Test Cases/Chat/Chat with group

2022-01-11 06:17:14 - [TEST_STEP][PASSED] - openBrowser(""): Browser is opened with url: ''

2022-01-11 06:17:14 - [MESSAGE][INFO] - Starting 'Chrome' driver

2022-01-11 06:17:14 - [MESSAGE][INFO] - Action delay is set to 0 milliseconds

2022-01-11 06:17:16 - [MESSAGE][PASSED] - Browser is opened with url: ''

2022-01-11 06:17:16 - [TEST_STEP][PASSED] - closeBrowser(): Browser is closed

2022-01-11 06:17:16 - [MESSAGE][PASSED] - Browser is closed

2022-01-11 06:17:16 - [TEST_STEP][PASSED] - openBrowser(""): Browser is opened with url: ''

2022-01-11 06:17:16 - [MESSAGE][INFO] - Starting 'Chrome' driver

2022-01-11 06:17:16 - [MESSAGE][INFO] - Action delay is set to 0 milliseconds

2022-01-11 06:17:17 - [MESSAGE][PASSED] - Browser is opened with url: ''

2022-01-11 06:17:17 - [TEST_STEP][PASSED] - navigateToUrl("http://localhost/"): Navigate to 'http://localhost/' successfully

2022-01-11 06:17:18 - [MESSAGE][PASSED] - Navigate to 'http://localhost/' successfully

2022-01-11 06:17:18 - [TEST_STEP][PASSED] - click(findTestObject("Object Repository/Page_L Tm Anh/a_Log in")): Object: 'Object Repository/Page_L Tm Anh/a_Log in' is clicked on

2022-01-11 06:17:19 - [MESSAGE][PASSED] - Object: 'Object Repository/Page_L Tm Anh/a_Log in' is clicked on

2022-01-11 06:17:19 - [TEST_STEP][PASSED] - setText(findTestObject("Object Repository/Page_L Tm Anh Log in to the site/input_Username_username"), "admin"): Text 'admin' is set on object 'Object Repository/Page_L Tm Anh Log in to the site/input_Username_username'

2022-01-11 06:17:19 - [MESSAGE][PASSED] - Text 'admin' is set on object 'Object Repository/Page_L Tm Anh Log in to the site/input_Username_username'

2022-01-11 06:17:19 - [TEST_STEP][PASSED] - setEncryptedText(findTestObject("Object Repository/Page_L Tm Anh Log in to the site/input_Password_password"), "eGmz8XUbrLe3vUQiiiujBg=="): Text ****** has been set on object 'Object Repository/Page_L Tm Anh Log in to the site/input_Password_password'

2022-01-11 06:17:20 - [MESSAGE][PASSED] - Text ****** has been set on object 'Object Repository/Page_L Tm Anh Log in to the site/input_Password_password'

2022-01-11 06:17:20 - [TEST_STEP][PASSED] - click(findTestObject("Object Repository/Page_L Tm Anh Log in to the site/button_Log in")): Object: 'Object Repository/Page_L Tm Anh Log in to the site/button_Log in' is clicked on

2022-01-11 06:17:21 - [MESSAGE][PASSED] - Object: 'Object Repository/Page_L Tm Anh Log in to the site/button_Log in' is clicked on

2022-01-11 06:17:21 - [TEST_STEP][PASSED] - click(findTestObject("Object Repository/Page_Dashboard/a_0")): Object: 'Object Repository/Page_Dashboard/a_0' is clicked on

2022-01-11 06:17:52 - [MESSAGE][INFO] - Unable to find the element located by 'By.xpath: //a[@id='message-drawer-toggle-61dc107224f9a61dc1072131d45']'. Please recheck the objects properties to make sure the desired element is located. 

2022-01-11 06:17:52 - [MESSAGE][WARNING] - [SELF-HEALING] Failed to find element with id 'Object Repository/Page_Dashboard/a_0'. Try using Self-healing.

2022-01-11 06:17:53 - [MESSAGE][WARNING] - [SELF-HEALING] The current locator of test object 'Object Repository/Page_Dashboard/a_0' was broken. Propose an alternative one: '//div[@id='usernavigation']/div[2]/a'.

2022-01-11 06:17:53 - [MESSAGE][PASSED] - Object: 'Object Repository/Page_Dashboard/a_0' is clicked on

2022-01-11 06:17:53 - [TEST_STEP][PASSED] - click(findTestObject("Object Repository/Page_Dashboard/div_Team 1")): Object: 'Object Repository/Page_Dashboard/div_Team 1' is clicked on

2022-01-11 06:18:24 - [MESSAGE][INFO] - Unable to find the element located by 'By.xpath: //div[@id='view-overview-group-messages-target-61d99a8c1b06361d99a8a88c6d7']/div[2]/a/div/div'. Please recheck the objects properties to make sure the desired element is located. 

2022-01-11 06:18:24 - [MESSAGE][WARNING] - [SELF-HEALING] Failed to find element with id 'Object Repository/Page_Dashboard/div_Team 1'. Try using Self-healing.

2022-01-11 06:18:24 - [MESSAGE][WARNING] - [SELF-HEALING] The current locator of test object 'Object Repository/Page_Dashboard/div_Team 1' was broken. Propose an alternative one: '(.//*[normalize-space(text()) and normalize-space(.)='Group'])[1]/following::div[5]'.

2022-01-11 06:18:24 - [MESSAGE][PASSED] - Object: 'Object Repository/Page_Dashboard/div_Team 1' is clicked on

2022-01-11 06:18:24 - [TEST_STEP][PASSED] - setText(findTestObject("Object Repository/Page_Dashboard/textarea_Use enter to send_yui_3_17_2_1_164_167f3b"), "hello"): Text 'hello' is set on object 'Object Repository/Page_Dashboard/textarea_Use enter to send_yui_3_17_2_1_164_167f3b'

2022-01-11 06:18:56 - [MESSAGE][INFO] - Unable to find the element located by 'By.xpath: //textarea[@id='yui_3_17_2_1_1641650828764_35']'. Please recheck the objects properties to make sure the desired element is located. 

2022-01-11 06:18:56 - [MESSAGE][WARNING] - [SELF-HEALING] Failed to find element with id 'Object Repository/Page_Dashboard/textarea_Use enter to send_yui_3_17_2_1_164_167f3b'. Try using Self-healing.

2022-01-11 06:18:56 - [MESSAGE][WARNING] - [SELF-HEALING] The current locator of test object 'Object Repository/Page_Dashboard/textarea_Use enter to send_yui_3_17_2_1_164_167f3b' was broken. Propose an alternative one: '//textarea'.

2022-01-11 06:19:27 - [MESSAGE][INFO] - Unable to find the element located by 'By.xpath: //textarea[@id='yui_3_17_2_1_1641650828764_35']'. Please recheck the objects properties to make sure the desired element is located. 

2022-01-11 06:19:27 - [MESSAGE][WARNING] - [SELF-HEALING] Failed to find element with id 'Object Repository/Page_Dashboard/textarea_Use enter to send_yui_3_17_2_1_164_167f3b'. Try using Self-healing.

2022-01-11 06:19:28 - [MESSAGE][WARNING] - [SELF-HEALING] The current locator of test object 'Object Repository/Page_Dashboard/textarea_Use enter to send_yui_3_17_2_1_164_167f3b' was broken. Propose an alternative one: '//textarea'.

2022-01-11 06:19:28 - [MESSAGE][PASSED] - Text 'hello' is set on object 'Object Repository/Page_Dashboard/textarea_Use enter to send_yui_3_17_2_1_164_167f3b'

2022-01-11 06:19:28 - [TEST_STEP][PASSED] - click(findTestObject("Object Repository/Page_Dashboard/i__icon fa fa-paper-plane fa-fw")): Object: 'Object Repository/Page_Dashboard/i__icon fa fa-paper-plane fa-fw' is clicked on

2022-01-11 06:19:59 - [MESSAGE][INFO] - Unable to find the element located by 'By.xpath: //div[@id='yui_3_17_2_1_1641809714717_40']/div/button[2]/span/i'. Please recheck the objects properties to make sure the desired element is located. 

2022-01-11 06:19:59 - [MESSAGE][WARNING] - [SELF-HEALING] Failed to find element with id 'Object Repository/Page_Dashboard/i__icon fa fa-paper-plane fa-fw'. Try using Self-healing.

2022-01-11 06:19:59 - [MESSAGE][WARNING] - [SELF-HEALING] The current locator of test object 'Object Repository/Page_Dashboard/i__icon fa fa-paper-plane fa-fw' was broken. Propose an alternative one: '//button[2]/span/i'.

2022-01-11 06:19:59 - [MESSAGE][PASSED] - Object: 'Object Repository/Page_Dashboard/i__icon fa fa-paper-plane fa-fw' is clicked on

2022-01-11 06:19:59 - [TEST_STEP][PASSED] - closeBrowser(): Browser is closed

2022-01-11 06:20:00 - [MESSAGE][PASSED] - Browser is closed]]></system-out>
         <system-err><![CDATA[]]></system-err>
      </testcase>
      <testcase name="Test Cases/Chat/Chat private" time="164.55" classname="Test Cases/Chat/Chat private" status="PASSED">
         <system-out><![CDATA[2022-01-11 06:20:00 - [TEST_CASE][PASSED] - Test Cases/Chat/Chat private: Test Cases/Chat/Chat private

2022-01-11 06:20:00 - [TEST_STEP][PASSED] - openBrowser(""): Browser is opened with url: ''

2022-01-11 06:20:00 - [MESSAGE][INFO] - Starting 'Chrome' driver

2022-01-11 06:20:00 - [MESSAGE][INFO] - Action delay is set to 0 milliseconds

2022-01-11 06:20:01 - [MESSAGE][PASSED] - Browser is opened with url: ''

2022-01-11 06:20:01 - [TEST_STEP][PASSED] - navigateToUrl("http://localhost/"): Navigate to 'http://localhost/' successfully

2022-01-11 06:20:02 - [MESSAGE][PASSED] - Navigate to 'http://localhost/' successfully

2022-01-11 06:20:02 - [TEST_STEP][PASSED] - click(findTestObject("Object Repository/Page_L Tm Anh/a_Log in")): Object: 'Object Repository/Page_L Tm Anh/a_Log in' is clicked on

2022-01-11 06:20:03 - [MESSAGE][PASSED] - Object: 'Object Repository/Page_L Tm Anh/a_Log in' is clicked on

2022-01-11 06:20:03 - [TEST_STEP][PASSED] - setText(findTestObject("Object Repository/Page_L Tm Anh Log in to the site/input_Username_username"), "admin"): Text 'admin' is set on object 'Object Repository/Page_L Tm Anh Log in to the site/input_Username_username'

2022-01-11 06:20:04 - [MESSAGE][PASSED] - Text 'admin' is set on object 'Object Repository/Page_L Tm Anh Log in to the site/input_Username_username'

2022-01-11 06:20:04 - [TEST_STEP][PASSED] - setEncryptedText(findTestObject("Object Repository/Page_L Tm Anh Log in to the site/input_Password_password"), "eGmz8XUbrLe3vUQiiiujBg=="): Text ****** has been set on object 'Object Repository/Page_L Tm Anh Log in to the site/input_Password_password'

2022-01-11 06:20:04 - [MESSAGE][PASSED] - Text ****** has been set on object 'Object Repository/Page_L Tm Anh Log in to the site/input_Password_password'

2022-01-11 06:20:04 - [TEST_STEP][PASSED] - click(findTestObject("Object Repository/Page_L Tm Anh Log in to the site/button_Log in")): Object: 'Object Repository/Page_L Tm Anh Log in to the site/button_Log in' is clicked on

2022-01-11 06:20:05 - [MESSAGE][PASSED] - Object: 'Object Repository/Page_L Tm Anh Log in to the site/button_Log in' is clicked on

2022-01-11 06:20:05 - [TEST_STEP][PASSED] - click(findTestObject("Object Repository/Page_Dashboard/a_0")): Object: 'Object Repository/Page_Dashboard/a_0' is clicked on

2022-01-11 06:20:36 - [MESSAGE][INFO] - Unable to find the element located by 'By.xpath: //a[@id='message-drawer-toggle-61dc107224f9a61dc1072131d45']'. Please recheck the objects properties to make sure the desired element is located. 

2022-01-11 06:20:36 - [MESSAGE][WARNING] - [SELF-HEALING] Failed to find element with id 'Object Repository/Page_Dashboard/a_0'. Try using Self-healing.

2022-01-11 06:20:37 - [MESSAGE][WARNING] - [SELF-HEALING] The current locator of test object 'Object Repository/Page_Dashboard/a_0' was broken. Propose an alternative one: '//div[@id='usernavigation']/div[2]/a'.

2022-01-11 06:20:37 - [MESSAGE][PASSED] - Object: 'Object Repository/Page_Dashboard/a_0' is clicked on

2022-01-11 06:20:37 - [TEST_STEP][PASSED] - click(findTestObject("Object Repository/Page_Dashboard/i_hello_icon fa fa-caret-right fa-fw")): Object: 'Object Repository/Page_Dashboard/i_hello_icon fa fa-caret-right fa-fw' is clicked on

2022-01-11 06:20:38 - [MESSAGE][PASSED] - Object: 'Object Repository/Page_Dashboard/i_hello_icon fa fa-caret-right fa-fw' is clicked on

2022-01-11 06:20:38 - [TEST_STEP][PASSED] - click(findTestObject("Object Repository/Page_Dashboard/div_Student Two")): Object: 'Object Repository/Page_Dashboard/div_Student Two' is clicked on

2022-01-11 06:21:09 - [MESSAGE][INFO] - Unable to find the element located by 'By.xpath: //div[@id='view-overview-messages-target-61dc0732a02da61dc07328cc3c7']/div[2]/a/div/div'. Please recheck the objects properties to make sure the desired element is located. 

2022-01-11 06:21:09 - [MESSAGE][WARNING] - [SELF-HEALING] Failed to find element with id 'Object Repository/Page_Dashboard/div_Student Two'. Try using Self-healing.

2022-01-11 06:21:09 - [MESSAGE][WARNING] - [SELF-HEALING] The current locator of test object 'Object Repository/Page_Dashboard/div_Student Two' was broken. Propose an alternative one: '(.//*[normalize-space(text()) and normalize-space(.)='Private'])[1]/following::div[5]'.

2022-01-11 06:21:09 - [MESSAGE][PASSED] - Object: 'Object Repository/Page_Dashboard/div_Student Two' is clicked on

2022-01-11 06:21:09 - [TEST_STEP][PASSED] - setText(findTestObject("Object Repository/Page_Dashboard/textarea_Use enter to send_yui_3_17_2_1_164_1c2d5d"), "alo"): Text 'alo' is set on object 'Object Repository/Page_Dashboard/textarea_Use enter to send_yui_3_17_2_1_164_1c2d5d'

2022-01-11 06:21:41 - [MESSAGE][INFO] - Unable to find the element located by 'By.xpath: //textarea[@id='yui_3_17_2_1_1641809714717_39']'. Please recheck the objects properties to make sure the desired element is located. 

2022-01-11 06:21:41 - [MESSAGE][WARNING] - [SELF-HEALING] Failed to find element with id 'Object Repository/Page_Dashboard/textarea_Use enter to send_yui_3_17_2_1_164_1c2d5d'. Try using Self-healing.

2022-01-11 06:21:41 - [MESSAGE][WARNING] - [SELF-HEALING] The current locator of test object 'Object Repository/Page_Dashboard/textarea_Use enter to send_yui_3_17_2_1_164_1c2d5d' was broken. Propose an alternative one: '//textarea'.

2022-01-11 06:22:12 - [MESSAGE][INFO] - Unable to find the element located by 'By.xpath: //textarea[@id='yui_3_17_2_1_1641809714717_39']'. Please recheck the objects properties to make sure the desired element is located. 

2022-01-11 06:22:12 - [MESSAGE][WARNING] - [SELF-HEALING] Failed to find element with id 'Object Repository/Page_Dashboard/textarea_Use enter to send_yui_3_17_2_1_164_1c2d5d'. Try using Self-healing.

2022-01-11 06:22:12 - [MESSAGE][WARNING] - [SELF-HEALING] The current locator of test object 'Object Repository/Page_Dashboard/textarea_Use enter to send_yui_3_17_2_1_164_1c2d5d' was broken. Propose an alternative one: '//textarea'.

2022-01-11 06:22:12 - [MESSAGE][PASSED] - Text 'alo' is set on object 'Object Repository/Page_Dashboard/textarea_Use enter to send_yui_3_17_2_1_164_1c2d5d'

2022-01-11 06:22:12 - [TEST_STEP][PASSED] - click(findTestObject("Object Repository/Page_Dashboard/i__icon fa fa-paper-plane fa-fw")): Object: 'Object Repository/Page_Dashboard/i__icon fa fa-paper-plane fa-fw' is clicked on

2022-01-11 06:22:43 - [MESSAGE][INFO] - Unable to find the element located by 'By.xpath: //div[@id='yui_3_17_2_1_1641809714717_40']/div/button[2]/span/i'. Please recheck the objects properties to make sure the desired element is located. 

2022-01-11 06:22:43 - [MESSAGE][WARNING] - [SELF-HEALING] Failed to find element with id 'Object Repository/Page_Dashboard/i__icon fa fa-paper-plane fa-fw'. Try using Self-healing.

2022-01-11 06:22:44 - [MESSAGE][WARNING] - [SELF-HEALING] The current locator of test object 'Object Repository/Page_Dashboard/i__icon fa fa-paper-plane fa-fw' was broken. Propose an alternative one: '//button[2]/span/i'.

2022-01-11 06:22:44 - [MESSAGE][PASSED] - Object: 'Object Repository/Page_Dashboard/i__icon fa fa-paper-plane fa-fw' is clicked on

2022-01-11 06:22:44 - [TEST_STEP][PASSED] - closeBrowser(): Browser is closed

2022-01-11 06:22:44 - [MESSAGE][PASSED] - Browser is closed]]></system-out>
         <system-err><![CDATA[]]></system-err>
      </testcase>
      <testcase name="Test Cases/Chat/Search user and chat" time="196.377" classname="Test Cases/Chat/Search user and chat" status="PASSED">
         <system-out><![CDATA[2022-01-11 06:22:44 - [TEST_CASE][PASSED] - Test Cases/Chat/Search user and chat: Test Cases/Chat/Search user and chat

2022-01-11 06:22:45 - [TEST_STEP][PASSED] - openBrowser(""): Browser is opened with url: ''

2022-01-11 06:22:45 - [MESSAGE][INFO] - Starting 'Chrome' driver

2022-01-11 06:22:45 - [MESSAGE][INFO] - Action delay is set to 0 milliseconds

2022-01-11 06:22:46 - [MESSAGE][PASSED] - Browser is opened with url: ''

2022-01-11 06:22:46 - [TEST_STEP][PASSED] - navigateToUrl("http://localhost/"): Navigate to 'http://localhost/' successfully

2022-01-11 06:22:47 - [MESSAGE][PASSED] - Navigate to 'http://localhost/' successfully

2022-01-11 06:22:47 - [TEST_STEP][PASSED] - click(findTestObject("Object Repository/Page_L Tm Anh/a_Log in")): Object: 'Object Repository/Page_L Tm Anh/a_Log in' is clicked on

2022-01-11 06:22:47 - [MESSAGE][PASSED] - Object: 'Object Repository/Page_L Tm Anh/a_Log in' is clicked on

2022-01-11 06:22:47 - [TEST_STEP][PASSED] - setText(findTestObject("Object Repository/Page_L Tm Anh Log in to the site/input_Username_username"), "admin"): Text 'admin' is set on object 'Object Repository/Page_L Tm Anh Log in to the site/input_Username_username'

2022-01-11 06:22:48 - [MESSAGE][PASSED] - Text 'admin' is set on object 'Object Repository/Page_L Tm Anh Log in to the site/input_Username_username'

2022-01-11 06:22:48 - [TEST_STEP][PASSED] - setEncryptedText(findTestObject("Object Repository/Page_L Tm Anh Log in to the site/input_Password_password"), "eGmz8XUbrLe3vUQiiiujBg=="): Text ****** has been set on object 'Object Repository/Page_L Tm Anh Log in to the site/input_Password_password'

2022-01-11 06:22:49 - [MESSAGE][PASSED] - Text ****** has been set on object 'Object Repository/Page_L Tm Anh Log in to the site/input_Password_password'

2022-01-11 06:22:49 - [TEST_STEP][PASSED] - click(findTestObject("Object Repository/Page_L Tm Anh Log in to the site/button_Log in")): Object: 'Object Repository/Page_L Tm Anh Log in to the site/button_Log in' is clicked on

2022-01-11 06:22:50 - [MESSAGE][PASSED] - Object: 'Object Repository/Page_L Tm Anh Log in to the site/button_Log in' is clicked on

2022-01-11 06:22:50 - [TEST_STEP][PASSED] - click(findTestObject("Object Repository/Page_Dashboard/i_See all_icon fa fa-comment-o fa-fw")): Object: 'Object Repository/Page_Dashboard/i_See all_icon fa fa-comment-o fa-fw' is clicked on

2022-01-11 06:23:21 - [MESSAGE][INFO] - Unable to find the element located by 'By.xpath: //a[@id='message-drawer-toggle-61da31feb585e61da31fe9dea25']/i'. Please recheck the objects properties to make sure the desired element is located. 

2022-01-11 06:23:21 - [MESSAGE][WARNING] - [SELF-HEALING] Failed to find element with id 'Object Repository/Page_Dashboard/i_See all_icon fa fa-comment-o fa-fw'. Try using Self-healing.

2022-01-11 06:23:21 - [MESSAGE][WARNING] - [SELF-HEALING] The current locator of test object 'Object Repository/Page_Dashboard/i_See all_icon fa fa-comment-o fa-fw' was broken. Propose an alternative one: '//div[2]/a/i'.

2022-01-11 06:23:21 - [MESSAGE][PASSED] - Object: 'Object Repository/Page_Dashboard/i_See all_icon fa fa-comment-o fa-fw' is clicked on

2022-01-11 06:23:21 - [TEST_STEP][PASSED] - setText(findTestObject("Object Repository/Page_Dashboard/input_Messages selected_form-control"), "Anh Le"): Text 'Anh Le' is set on object 'Object Repository/Page_Dashboard/input_Messages selected_form-control'

2022-01-11 06:23:22 - [MESSAGE][PASSED] - Text 'Anh Le' is set on object 'Object Repository/Page_Dashboard/input_Messages selected_form-control'

2022-01-11 06:23:22 - [TEST_STEP][PASSED] - click(findTestObject("Object Repository/Page_Dashboard/i_Messages selected_icon fa fa-search fa-fw")): Object: 'Object Repository/Page_Dashboard/i_Messages selected_icon fa fa-search fa-fw' is clicked on

2022-01-11 06:23:53 - [MESSAGE][INFO] - Unable to find the element located by 'By.xpath: //div[@id='yui_3_17_2_1_1641689598842_31']/div[4]/div/div/div/button/span/i'. Please recheck the objects properties to make sure the desired element is located. 

2022-01-11 06:23:53 - [MESSAGE][WARNING] - [SELF-HEALING] Failed to find element with id 'Object Repository/Page_Dashboard/i_Messages selected_icon fa fa-search fa-fw'. Try using Self-healing.

2022-01-11 06:23:54 - [MESSAGE][WARNING] - [SELF-HEALING] The current locator of test object 'Object Repository/Page_Dashboard/i_Messages selected_icon fa fa-search fa-fw' was broken. Propose an alternative one: '//button/span/i'.

2022-01-11 06:23:54 - [MESSAGE][PASSED] - Object: 'Object Repository/Page_Dashboard/i_Messages selected_icon fa fa-search fa-fw' is clicked on

2022-01-11 06:23:54 - [TEST_STEP][PASSED] - click(findTestObject("Object Repository/Page_Dashboard/a_Anh Lee")): Object: 'Object Repository/Page_Dashboard/a_Anh Lee' is clicked on

2022-01-11 06:24:25 - [MESSAGE][INFO] - Unable to find the element located by 'By.xpath: //div[@id='yui_3_17_2_1_1641689598842_26']/div[6]/div/div/div/div[2]/div/a'. Please recheck the objects properties to make sure the desired element is located. 

2022-01-11 06:24:25 - [MESSAGE][WARNING] - [SELF-HEALING] Failed to find element with id 'Object Repository/Page_Dashboard/a_Anh Lee'. Try using Self-healing.

2022-01-11 06:24:25 - [MESSAGE][WARNING] - [SELF-HEALING] The current locator of test object 'Object Repository/Page_Dashboard/a_Anh Lee' was broken. Propose an alternative one: '(.//*[normalize-space(text()) and normalize-space(.)='Non-contacts'])[1]/following::a[1]'.

2022-01-11 06:24:25 - [MESSAGE][PASSED] - Object: 'Object Repository/Page_Dashboard/a_Anh Lee' is clicked on

2022-01-11 06:24:25 - [TEST_STEP][PASSED] - setText(findTestObject("Object Repository/Page_Dashboard/textarea_Use enter to send_yui_3_17_2_1_164_9e4947"), "kk"): Text 'kk' is set on object 'Object Repository/Page_Dashboard/textarea_Use enter to send_yui_3_17_2_1_164_9e4947'

2022-01-11 06:24:57 - [MESSAGE][INFO] - Unable to find the element located by 'By.xpath: //textarea[@id='yui_3_17_2_1_1641689351127_51']'. Please recheck the objects properties to make sure the desired element is located. 

2022-01-11 06:24:57 - [MESSAGE][WARNING] - [SELF-HEALING] Failed to find element with id 'Object Repository/Page_Dashboard/textarea_Use enter to send_yui_3_17_2_1_164_9e4947'. Try using Self-healing.

2022-01-11 06:24:57 - [MESSAGE][WARNING] - [SELF-HEALING] The current locator of test object 'Object Repository/Page_Dashboard/textarea_Use enter to send_yui_3_17_2_1_164_9e4947' was broken. Propose an alternative one: '//textarea'.

2022-01-11 06:25:28 - [MESSAGE][INFO] - Unable to find the element located by 'By.xpath: //textarea[@id='yui_3_17_2_1_1641689351127_51']'. Please recheck the objects properties to make sure the desired element is located. 

2022-01-11 06:25:28 - [MESSAGE][WARNING] - [SELF-HEALING] Failed to find element with id 'Object Repository/Page_Dashboard/textarea_Use enter to send_yui_3_17_2_1_164_9e4947'. Try using Self-healing.

2022-01-11 06:25:28 - [MESSAGE][WARNING] - [SELF-HEALING] The current locator of test object 'Object Repository/Page_Dashboard/textarea_Use enter to send_yui_3_17_2_1_164_9e4947' was broken. Propose an alternative one: '//textarea'.

2022-01-11 06:25:29 - [MESSAGE][PASSED] - Text 'kk' is set on object 'Object Repository/Page_Dashboard/textarea_Use enter to send_yui_3_17_2_1_164_9e4947'

2022-01-11 06:25:29 - [TEST_STEP][PASSED] - click(findTestObject("Object Repository/Page_Dashboard/i__icon fa fa-paper-plane fa-fw")): Object: 'Object Repository/Page_Dashboard/i__icon fa fa-paper-plane fa-fw' is clicked on

2022-01-11 06:26:00 - [MESSAGE][INFO] - Unable to find the element located by 'By.xpath: //div[@id='yui_3_17_2_1_1641809714717_40']/div/button[2]/span/i'. Please recheck the objects properties to make sure the desired element is located. 

2022-01-11 06:26:00 - [MESSAGE][WARNING] - [SELF-HEALING] Failed to find element with id 'Object Repository/Page_Dashboard/i__icon fa fa-paper-plane fa-fw'. Try using Self-healing.

2022-01-11 06:26:00 - [MESSAGE][WARNING] - [SELF-HEALING] The current locator of test object 'Object Repository/Page_Dashboard/i__icon fa fa-paper-plane fa-fw' was broken. Propose an alternative one: '//button[2]/span/i'.

2022-01-11 06:26:00 - [MESSAGE][PASSED] - Object: 'Object Repository/Page_Dashboard/i__icon fa fa-paper-plane fa-fw' is clicked on

2022-01-11 06:26:00 - [TEST_STEP][PASSED] - closeBrowser(): Browser is closed

2022-01-11 06:26:01 - [MESSAGE][PASSED] - Browser is closed]]></system-out>
         <system-err><![CDATA[]]></system-err>
      </testcase>
      <testcase name="Test Cases/Chat/Cancel add contact" time="105.228" classname="Test Cases/Chat/Cancel add contact" status="PASSED">
         <system-out><![CDATA[2022-01-11 06:26:01 - [TEST_CASE][PASSED] - Test Cases/Chat/Cancel add contact: Test Cases/Chat/Cancel add contact

2022-01-11 06:26:01 - [TEST_STEP][PASSED] - openBrowser(""): Browser is opened with url: ''

2022-01-11 06:26:01 - [MESSAGE][INFO] - Starting 'Chrome' driver

2022-01-11 06:26:01 - [MESSAGE][INFO] - Action delay is set to 0 milliseconds

2022-01-11 06:26:02 - [MESSAGE][PASSED] - Browser is opened with url: ''

2022-01-11 06:26:02 - [TEST_STEP][PASSED] - navigateToUrl("http://localhost/"): Navigate to 'http://localhost/' successfully

2022-01-11 06:26:03 - [MESSAGE][PASSED] - Navigate to 'http://localhost/' successfully

2022-01-11 06:26:03 - [TEST_STEP][PASSED] - click(findTestObject("Object Repository/Page_L Tm Anh/a_Log in")): Object: 'Object Repository/Page_L Tm Anh/a_Log in' is clicked on

2022-01-11 06:26:04 - [MESSAGE][PASSED] - Object: 'Object Repository/Page_L Tm Anh/a_Log in' is clicked on

2022-01-11 06:26:04 - [TEST_STEP][PASSED] - setText(findTestObject("Object Repository/Page_L Tm Anh Log in to the site/input_Username_username"), "admin"): Text 'admin' is set on object 'Object Repository/Page_L Tm Anh Log in to the site/input_Username_username'

2022-01-11 06:26:05 - [MESSAGE][PASSED] - Text 'admin' is set on object 'Object Repository/Page_L Tm Anh Log in to the site/input_Username_username'

2022-01-11 06:26:05 - [TEST_STEP][PASSED] - setEncryptedText(findTestObject("Object Repository/Page_L Tm Anh Log in to the site/input_Password_password"), "eGmz8XUbrLe3vUQiiiujBg=="): Text ****** has been set on object 'Object Repository/Page_L Tm Anh Log in to the site/input_Password_password'

2022-01-11 06:26:05 - [MESSAGE][PASSED] - Text ****** has been set on object 'Object Repository/Page_L Tm Anh Log in to the site/input_Password_password'

2022-01-11 06:26:05 - [TEST_STEP][PASSED] - click(findTestObject("Object Repository/Page_L Tm Anh Log in to the site/button_Log in")): Object: 'Object Repository/Page_L Tm Anh Log in to the site/button_Log in' is clicked on

2022-01-11 06:26:06 - [MESSAGE][PASSED] - Object: 'Object Repository/Page_L Tm Anh Log in to the site/button_Log in' is clicked on

2022-01-11 06:26:06 - [TEST_STEP][PASSED] - click(findTestObject("Object Repository/Page_Dashboard/a_0")): Object: 'Object Repository/Page_Dashboard/a_0' is clicked on

2022-01-11 06:26:37 - [MESSAGE][INFO] - Unable to find the element located by 'By.xpath: //a[@id='message-drawer-toggle-61dc107224f9a61dc1072131d45']'. Please recheck the objects properties to make sure the desired element is located. 

2022-01-11 06:26:37 - [MESSAGE][WARNING] - [SELF-HEALING] Failed to find element with id 'Object Repository/Page_Dashboard/a_0'. Try using Self-healing.

2022-01-11 06:26:38 - [MESSAGE][WARNING] - [SELF-HEALING] The current locator of test object 'Object Repository/Page_Dashboard/a_0' was broken. Propose an alternative one: '//div[@id='usernavigation']/div[2]/a'.

2022-01-11 06:26:38 - [MESSAGE][PASSED] - Object: 'Object Repository/Page_Dashboard/a_0' is clicked on

2022-01-11 06:26:38 - [TEST_STEP][PASSED] - setText(findTestObject("Object Repository/Page_Dashboard/input_Messages selected_form-control"), "student"): Text 'student' is set on object 'Object Repository/Page_Dashboard/input_Messages selected_form-control'

2022-01-11 06:26:39 - [MESSAGE][PASSED] - Text 'student' is set on object 'Object Repository/Page_Dashboard/input_Messages selected_form-control'

2022-01-11 06:26:39 - [TEST_STEP][PASSED] - click(findTestObject("Object Repository/Page_Dashboard/i_Messages selected_icon fa fa-search fa-fw")): Object: 'Object Repository/Page_Dashboard/i_Messages selected_icon fa fa-search fa-fw' is clicked on

2022-01-11 06:27:10 - [MESSAGE][INFO] - Unable to find the element located by 'By.xpath: //div[@id='yui_3_17_2_1_1641689598842_31']/div[4]/div/div/div/button/span/i'. Please recheck the objects properties to make sure the desired element is located. 

2022-01-11 06:27:10 - [MESSAGE][WARNING] - [SELF-HEALING] Failed to find element with id 'Object Repository/Page_Dashboard/i_Messages selected_icon fa fa-search fa-fw'. Try using Self-healing.

2022-01-11 06:27:11 - [MESSAGE][WARNING] - [SELF-HEALING] The current locator of test object 'Object Repository/Page_Dashboard/i_Messages selected_icon fa fa-search fa-fw' was broken. Propose an alternative one: '//button/span/i'.

2022-01-11 06:27:11 - [MESSAGE][PASSED] - Object: 'Object Repository/Page_Dashboard/i_Messages selected_icon fa fa-search fa-fw' is clicked on

2022-01-11 06:27:11 - [TEST_STEP][PASSED] - click(findTestObject("Object Repository/Page_Dashboard/a_Student One")): Object: 'Object Repository/Page_Dashboard/a_Student One' is clicked on

2022-01-11 06:27:42 - [MESSAGE][INFO] - Unable to find the element located by 'By.xpath: //div[@id='yui_3_17_2_1_1641386046992_25']/div[6]/div/div/div/div[2]/div/a'. Please recheck the objects properties to make sure the desired element is located. 

2022-01-11 06:27:42 - [MESSAGE][WARNING] - [SELF-HEALING] Failed to find element with id 'Object Repository/Page_Dashboard/a_Student One'. Try using Self-healing.

2022-01-11 06:27:42 - [MESSAGE][WARNING] - [SELF-HEALING] The current locator of test object 'Object Repository/Page_Dashboard/a_Student One' was broken. Propose an alternative one: '(.//*[normalize-space(text()) and normalize-space(.)='Non-contacts'])[1]/following::a[1]'.

2022-01-11 06:27:42 - [MESSAGE][PASSED] - Object: 'Object Repository/Page_Dashboard/a_Student One' is clicked on

2022-01-11 06:27:42 - [TEST_STEP][PASSED] - click(findTestObject("Object Repository/Page_Dashboard/i_Student One_icon fa fa-ellipsis-h fa-fw")): Object: 'Object Repository/Page_Dashboard/i_Student One_icon fa fa-ellipsis-h fa-fw' is clicked on

2022-01-11 06:27:44 - [MESSAGE][PASSED] - Object: 'Object Repository/Page_Dashboard/i_Student One_icon fa fa-ellipsis-h fa-fw' is clicked on

2022-01-11 06:27:44 - [TEST_STEP][PASSED] - click(findTestObject("Object Repository/Page_Dashboard/a_User info")): Object: 'Object Repository/Page_Dashboard/a_User info' is clicked on

2022-01-11 06:27:44 - [MESSAGE][PASSED] - Object: 'Object Repository/Page_Dashboard/a_User info' is clicked on

2022-01-11 06:27:44 - [TEST_STEP][PASSED] - click(findTestObject("Object Repository/Page_Dashboard/button_Add to contacts")): Object: 'Object Repository/Page_Dashboard/button_Add to contacts' is clicked on

2022-01-11 06:27:45 - [MESSAGE][PASSED] - Object: 'Object Repository/Page_Dashboard/button_Add to contacts' is clicked on

2022-01-11 06:27:45 - [TEST_STEP][PASSED] - click(findTestObject("Object Repository/Page_Dashboard/button_Cancel")): Object: 'Object Repository/Page_Dashboard/button_Cancel' is clicked on

2022-01-11 06:27:45 - [MESSAGE][PASSED] - Object: 'Object Repository/Page_Dashboard/button_Cancel' is clicked on

2022-01-11 06:27:45 - [TEST_STEP][PASSED] - closeBrowser(): Browser is closed

2022-01-11 06:27:46 - [MESSAGE][PASSED] - Browser is closed]]></system-out>
         <system-err><![CDATA[]]></system-err>
      </testcase>
      <testcase name="Test Cases/Chat/Add contact" time="75.81" classname="Test Cases/Chat/Add contact" status="PASSED">
         <system-out><![CDATA[2022-01-11 06:27:46 - [TEST_CASE][PASSED] - Test Cases/Chat/Add contact: Test Cases/Chat/Add contact

2022-01-11 06:27:46 - [TEST_STEP][PASSED] - openBrowser(""): Browser is opened with url: ''

2022-01-11 06:27:46 - [MESSAGE][INFO] - Starting 'Chrome' driver

2022-01-11 06:27:46 - [MESSAGE][INFO] - Action delay is set to 0 milliseconds

2022-01-11 06:27:48 - [MESSAGE][PASSED] - Browser is opened with url: ''

2022-01-11 06:27:48 - [TEST_STEP][PASSED] - navigateToUrl("http://localhost/"): Navigate to 'http://localhost/' successfully

2022-01-11 06:27:49 - [MESSAGE][PASSED] - Navigate to 'http://localhost/' successfully

2022-01-11 06:27:49 - [TEST_STEP][PASSED] - click(findTestObject("Object Repository/Page_L Tm Anh/a_Log in")): Object: 'Object Repository/Page_L Tm Anh/a_Log in' is clicked on

2022-01-11 06:27:50 - [MESSAGE][PASSED] - Object: 'Object Repository/Page_L Tm Anh/a_Log in' is clicked on

2022-01-11 06:27:50 - [TEST_STEP][PASSED] - setText(findTestObject("Object Repository/Page_L Tm Anh Log in to the site/input_Username_username"), "admin"): Text 'admin' is set on object 'Object Repository/Page_L Tm Anh Log in to the site/input_Username_username'

2022-01-11 06:27:50 - [MESSAGE][PASSED] - Text 'admin' is set on object 'Object Repository/Page_L Tm Anh Log in to the site/input_Username_username'

2022-01-11 06:27:50 - [TEST_STEP][PASSED] - setEncryptedText(findTestObject("Object Repository/Page_L Tm Anh Log in to the site/input_Password_password"), "eGmz8XUbrLe3vUQiiiujBg=="): Text ****** has been set on object 'Object Repository/Page_L Tm Anh Log in to the site/input_Password_password'

2022-01-11 06:27:51 - [MESSAGE][PASSED] - Text ****** has been set on object 'Object Repository/Page_L Tm Anh Log in to the site/input_Password_password'

2022-01-11 06:27:51 - [TEST_STEP][PASSED] - click(findTestObject("Object Repository/Page_L Tm Anh Log in to the site/button_Log in")): Object: 'Object Repository/Page_L Tm Anh Log in to the site/button_Log in' is clicked on

2022-01-11 06:27:52 - [MESSAGE][PASSED] - Object: 'Object Repository/Page_L Tm Anh Log in to the site/button_Log in' is clicked on

2022-01-11 06:27:52 - [TEST_STEP][PASSED] - click(findTestObject("Object Repository/Page_Dashboard/a_0")): Object: 'Object Repository/Page_Dashboard/a_0' is clicked on

2022-01-11 06:28:24 - [MESSAGE][INFO] - Unable to find the element located by 'By.xpath: //a[@id='message-drawer-toggle-61dc107224f9a61dc1072131d45']'. Please recheck the objects properties to make sure the desired element is located. 

2022-01-11 06:28:24 - [MESSAGE][WARNING] - [SELF-HEALING] Failed to find element with id 'Object Repository/Page_Dashboard/a_0'. Try using Self-healing.

2022-01-11 06:28:24 - [MESSAGE][WARNING] - [SELF-HEALING] The current locator of test object 'Object Repository/Page_Dashboard/a_0' was broken. Propose an alternative one: '//div[@id='usernavigation']/div[2]/a'.

2022-01-11 06:28:24 - [MESSAGE][PASSED] - Object: 'Object Repository/Page_Dashboard/a_0' is clicked on

2022-01-11 06:28:24 - [TEST_STEP][PASSED] - setText(findTestObject("Object Repository/Page_Dashboard/input_Messages selected_form-control"), "Anh Lee"): Text 'Anh Lee' is set on object 'Object Repository/Page_Dashboard/input_Messages selected_form-control'

2022-01-11 06:28:26 - [MESSAGE][PASSED] - Text 'Anh Lee' is set on object 'Object Repository/Page_Dashboard/input_Messages selected_form-control'

2022-01-11 06:28:26 - [TEST_STEP][PASSED] - click(findTestObject("Object Repository/Page_Dashboard/button_Messages selected_btn btn-submit ico_2a7788")): Object: 'Object Repository/Page_Dashboard/button_Messages selected_btn btn-submit ico_2a7788' is clicked on

2022-01-11 06:28:26 - [MESSAGE][PASSED] - Object: 'Object Repository/Page_Dashboard/button_Messages selected_btn btn-submit ico_2a7788' is clicked on

2022-01-11 06:28:26 - [TEST_STEP][PASSED] - click(findTestObject("Object Repository/Page_Dashboard/a_Anh Lee")): Object: 'Object Repository/Page_Dashboard/a_Anh Lee' is clicked on

2022-01-11 06:28:58 - [MESSAGE][INFO] - Unable to find the element located by 'By.xpath: //div[@id='yui_3_17_2_1_1641689598842_26']/div[6]/div/div/div/div[2]/div/a'. Please recheck the objects properties to make sure the desired element is located. 

2022-01-11 06:28:58 - [MESSAGE][WARNING] - [SELF-HEALING] Failed to find element with id 'Object Repository/Page_Dashboard/a_Anh Lee'. Try using Self-healing.

2022-01-11 06:28:58 - [MESSAGE][WARNING] - [SELF-HEALING] The current locator of test object 'Object Repository/Page_Dashboard/a_Anh Lee' was broken. Propose an alternative one: '(.//*[normalize-space(text()) and normalize-space(.)='Non-contacts'])[1]/following::a[1]'.

2022-01-11 06:28:58 - [MESSAGE][PASSED] - Object: 'Object Repository/Page_Dashboard/a_Anh Lee' is clicked on

2022-01-11 06:28:58 - [TEST_STEP][PASSED] - click(findTestObject("Object Repository/Page_Dashboard/i_Anh Lee_icon fa fa-ellipsis-h fa-fw")): Object: 'Object Repository/Page_Dashboard/i_Anh Lee_icon fa fa-ellipsis-h fa-fw' is clicked on

2022-01-11 06:28:59 - [MESSAGE][PASSED] - Object: 'Object Repository/Page_Dashboard/i_Anh Lee_icon fa fa-ellipsis-h fa-fw' is clicked on

2022-01-11 06:28:59 - [TEST_STEP][PASSED] - click(findTestObject("Object Repository/Page_Dashboard/a_User info")): Object: 'Object Repository/Page_Dashboard/a_User info' is clicked on

2022-01-11 06:29:00 - [MESSAGE][PASSED] - Object: 'Object Repository/Page_Dashboard/a_User info' is clicked on

2022-01-11 06:29:00 - [TEST_STEP][PASSED] - click(findTestObject("Object Repository/Page_Dashboard/button_Add to contacts")): Object: 'Object Repository/Page_Dashboard/button_Add to contacts' is clicked on

2022-01-11 06:29:01 - [MESSAGE][PASSED] - Object: 'Object Repository/Page_Dashboard/button_Add to contacts' is clicked on

2022-01-11 06:29:01 - [TEST_STEP][PASSED] - click(findTestObject("Object Repository/Page_Dashboard/button_Add")): Object: 'Object Repository/Page_Dashboard/button_Add' is clicked on

2022-01-11 06:29:01 - [MESSAGE][PASSED] - Object: 'Object Repository/Page_Dashboard/button_Add' is clicked on

2022-01-11 06:29:01 - [TEST_STEP][PASSED] - closeBrowser(): Browser is closed

2022-01-11 06:29:02 - [MESSAGE][PASSED] - Browser is closed]]></system-out>
         <system-err><![CDATA[]]></system-err>
      </testcase>
      <testcase name="Test Cases/Chat/Accept contact" time="164.229" classname="Test Cases/Chat/Accept contact" status="PASSED">
         <system-out><![CDATA[2022-01-11 06:29:02 - [TEST_CASE][PASSED] - Test Cases/Chat/Accept contact: Test Cases/Chat/Accept contact

2022-01-11 06:29:02 - [TEST_STEP][PASSED] - openBrowser(""): Browser is opened with url: ''

2022-01-11 06:29:02 - [MESSAGE][INFO] - Starting 'Chrome' driver

2022-01-11 06:29:02 - [MESSAGE][INFO] - Action delay is set to 0 milliseconds

2022-01-11 06:29:03 - [MESSAGE][PASSED] - Browser is opened with url: ''

2022-01-11 06:29:03 - [TEST_STEP][PASSED] - navigateToUrl("http://localhost/"): Navigate to 'http://localhost/' successfully

2022-01-11 06:29:04 - [MESSAGE][PASSED] - Navigate to 'http://localhost/' successfully

2022-01-11 06:29:04 - [TEST_STEP][PASSED] - click(findTestObject("Object Repository/Page_L Tm Anh/a_Log in")): Object: 'Object Repository/Page_L Tm Anh/a_Log in' is clicked on

2022-01-11 06:29:04 - [MESSAGE][PASSED] - Object: 'Object Repository/Page_L Tm Anh/a_Log in' is clicked on

2022-01-11 06:29:04 - [TEST_STEP][PASSED] - setText(findTestObject("Object Repository/Page_L Tm Anh Log in to the site/input_Username_username"), "admin3"): Text 'admin3' is set on object 'Object Repository/Page_L Tm Anh Log in to the site/input_Username_username'

2022-01-11 06:29:05 - [MESSAGE][PASSED] - Text 'admin3' is set on object 'Object Repository/Page_L Tm Anh Log in to the site/input_Username_username'

2022-01-11 06:29:05 - [TEST_STEP][PASSED] - setEncryptedText(findTestObject("Object Repository/Page_L Tm Anh Log in to the site/input_Password_password"), "eGmz8XUbrLe3vUQiiiujBg=="): Text ****** has been set on object 'Object Repository/Page_L Tm Anh Log in to the site/input_Password_password'

2022-01-11 06:29:06 - [MESSAGE][PASSED] - Text ****** has been set on object 'Object Repository/Page_L Tm Anh Log in to the site/input_Password_password'

2022-01-11 06:29:06 - [TEST_STEP][PASSED] - click(findTestObject("Object Repository/Page_L Tm Anh Log in to the site/button_Log in")): Object: 'Object Repository/Page_L Tm Anh Log in to the site/button_Log in' is clicked on

2022-01-11 06:29:07 - [MESSAGE][PASSED] - Object: 'Object Repository/Page_L Tm Anh Log in to the site/button_Log in' is clicked on

2022-01-11 06:29:07 - [TEST_STEP][PASSED] - click(findTestObject("Object Repository/Page_Dashboard/i_See all_icon fa fa-comment-o fa-fw")): Object: 'Object Repository/Page_Dashboard/i_See all_icon fa fa-comment-o fa-fw' is clicked on

2022-01-11 06:29:38 - [MESSAGE][INFO] - Unable to find the element located by 'By.xpath: //a[@id='message-drawer-toggle-61da31feb585e61da31fe9dea25']/i'. Please recheck the objects properties to make sure the desired element is located. 

2022-01-11 06:29:38 - [MESSAGE][WARNING] - [SELF-HEALING] Failed to find element with id 'Object Repository/Page_Dashboard/i_See all_icon fa fa-comment-o fa-fw'. Try using Self-healing.

2022-01-11 06:29:38 - [MESSAGE][WARNING] - [SELF-HEALING] The current locator of test object 'Object Repository/Page_Dashboard/i_See all_icon fa fa-comment-o fa-fw' was broken. Propose an alternative one: '//div[2]/a/i'.

2022-01-11 06:29:38 - [MESSAGE][PASSED] - Object: 'Object Repository/Page_Dashboard/i_See all_icon fa fa-comment-o fa-fw' is clicked on

2022-01-11 06:29:38 - [TEST_STEP][PASSED] - click(findTestObject("Object Repository/Page_Dashboard/a_Contacts                                 _4239a2")): Object: 'Object Repository/Page_Dashboard/a_Contacts                                 _4239a2' is clicked on

2022-01-11 06:30:10 - [MESSAGE][INFO] - Unable to find the element located by 'By.xpath: //div[@id='message-drawer-61d55e0da414861d55e0d8b2d37']/div[2]/div[3]/div[2]/a'. Please recheck the objects properties to make sure the desired element is located. 

2022-01-11 06:30:10 - [MESSAGE][WARNING] - [SELF-HEALING] Failed to find element with id 'Object Repository/Page_Dashboard/a_Contacts                                 _4239a2'. Try using Self-healing.

2022-01-11 06:30:10 - [MESSAGE][WARNING] - [SELF-HEALING] The current locator of test object 'Object Repository/Page_Dashboard/a_Contacts                                 _4239a2' was broken. Propose an alternative one: '(.//*[normalize-space(text()) and normalize-space(.)='Contacts'])[1]/following::a[3]'.

2022-01-11 06:30:10 - [MESSAGE][PASSED] - Object: 'Object Repository/Page_Dashboard/a_Contacts                                 _4239a2' is clicked on

2022-01-11 06:30:10 - [TEST_STEP][PASSED] - click(findTestObject("Object Repository/Page_Dashboard/a_Requests                                 _76dac8")): Object: 'Object Repository/Page_Dashboard/a_Requests                                 _76dac8' is clicked on

2022-01-11 06:30:41 - [MESSAGE][INFO] - Unable to find the element located by 'By.xpath: //a[@id='requests-tab-61d55e0da414861d55e0d8b2d37']'. Please recheck the objects properties to make sure the desired element is located. 

2022-01-11 06:30:41 - [MESSAGE][WARNING] - [SELF-HEALING] Failed to find element with id 'Object Repository/Page_Dashboard/a_Requests                                 _76dac8'. Try using Self-healing.

2022-01-11 06:30:42 - [MESSAGE][WARNING] - [SELF-HEALING] The current locator of test object 'Object Repository/Page_Dashboard/a_Requests                                 _76dac8' was broken. Propose an alternative one: '(.//*[normalize-space(text()) and normalize-space(.)='Contacts'])[2]/following::a[1]'.

2022-01-11 06:30:42 - [MESSAGE][PASSED] - Object: 'Object Repository/Page_Dashboard/a_Requests                                 _76dac8' is clicked on

2022-01-11 06:30:42 - [TEST_STEP][PASSED] - click(findTestObject("Object Repository/Page_Dashboard/p_Would like to contact you")): Object: 'Object Repository/Page_Dashboard/p_Would like to contact you' is clicked on

2022-01-11 06:31:13 - [MESSAGE][INFO] - Unable to find the element located by 'By.xpath: //div[@id='requests-tab-panel-61d55e0da414861d55e0d8b2d37']/div[2]/a/div/p'. Please recheck the objects properties to make sure the desired element is located. 

2022-01-11 06:31:13 - [MESSAGE][WARNING] - [SELF-HEALING] Failed to find element with id 'Object Repository/Page_Dashboard/p_Would like to contact you'. Try using Self-healing.

2022-01-11 06:31:13 - [MESSAGE][WARNING] - [SELF-HEALING] The current locator of test object 'Object Repository/Page_Dashboard/p_Would like to contact you' was broken. Propose an alternative one: '(.//*[normalize-space(text()) and normalize-space(.)='Admin User'])[1]/following::p[1]'.

2022-01-11 06:31:13 - [MESSAGE][PASSED] - Object: 'Object Repository/Page_Dashboard/p_Would like to contact you' is clicked on

2022-01-11 06:31:13 - [TEST_STEP][PASSED] - click(findTestObject("Object Repository/Page_Dashboard/span_Accept and add to contacts")): Object: 'Object Repository/Page_Dashboard/span_Accept and add to contacts' is clicked on

2022-01-11 06:31:45 - [MESSAGE][INFO] - Unable to find the element located by 'By.xpath: //div[@id='yui_3_17_2_1_1641373197849_26']/div[3]/div/div[2]/div/button[8]/span'. Please recheck the objects properties to make sure the desired element is located. 

2022-01-11 06:31:45 - [MESSAGE][WARNING] - [SELF-HEALING] Failed to find element with id 'Object Repository/Page_Dashboard/span_Accept and add to contacts'. Try using Self-healing.

2022-01-11 06:31:45 - [MESSAGE][WARNING] - [SELF-HEALING] The current locator of test object 'Object Repository/Page_Dashboard/span_Accept and add to contacts' was broken. Propose an alternative one: '(.//*[normalize-space(text()) and normalize-space(.)='Send contact request'])[1]/following::span[3]'.

2022-01-11 06:31:45 - [MESSAGE][PASSED] - Object: 'Object Repository/Page_Dashboard/span_Accept and add to contacts' is clicked on

2022-01-11 06:31:45 - [TEST_STEP][PASSED] - closeBrowser(): Browser is closed

2022-01-11 06:31:46 - [MESSAGE][PASSED] - Browser is closed]]></system-out>
         <system-err><![CDATA[]]></system-err>
      </testcase>
      <testcase name="Test Cases/Chat/Remove a contact" time="104.925" classname="Test Cases/Chat/Remove a contact" status="PASSED">
         <system-out><![CDATA[2022-01-11 06:31:46 - [TEST_CASE][PASSED] - Test Cases/Chat/Remove a contact: Test Cases/Chat/Remove a contact

2022-01-11 06:31:46 - [TEST_STEP][PASSED] - openBrowser(""): Browser is opened with url: ''

2022-01-11 06:31:46 - [MESSAGE][INFO] - Starting 'Chrome' driver

2022-01-11 06:31:46 - [MESSAGE][INFO] - Action delay is set to 0 milliseconds

2022-01-11 06:31:48 - [MESSAGE][PASSED] - Browser is opened with url: ''

2022-01-11 06:31:48 - [TEST_STEP][PASSED] - navigateToUrl("http://localhost/"): Navigate to 'http://localhost/' successfully

2022-01-11 06:31:48 - [MESSAGE][PASSED] - Navigate to 'http://localhost/' successfully

2022-01-11 06:31:48 - [TEST_STEP][PASSED] - click(findTestObject("Object Repository/Page_L Tm Anh/a_Log in")): Object: 'Object Repository/Page_L Tm Anh/a_Log in' is clicked on

2022-01-11 06:31:49 - [MESSAGE][PASSED] - Object: 'Object Repository/Page_L Tm Anh/a_Log in' is clicked on

2022-01-11 06:31:49 - [TEST_STEP][PASSED] - setText(findTestObject("Object Repository/Page_L Tm Anh Log in to the site/input_Username_username"), "admin"): Text 'admin' is set on object 'Object Repository/Page_L Tm Anh Log in to the site/input_Username_username'

2022-01-11 06:31:50 - [MESSAGE][PASSED] - Text 'admin' is set on object 'Object Repository/Page_L Tm Anh Log in to the site/input_Username_username'

2022-01-11 06:31:50 - [TEST_STEP][PASSED] - setEncryptedText(findTestObject("Object Repository/Page_L Tm Anh Log in to the site/input_Password_password"), "eGmz8XUbrLe3vUQiiiujBg=="): Text ****** has been set on object 'Object Repository/Page_L Tm Anh Log in to the site/input_Password_password'

2022-01-11 06:31:50 - [MESSAGE][PASSED] - Text ****** has been set on object 'Object Repository/Page_L Tm Anh Log in to the site/input_Password_password'

2022-01-11 06:31:50 - [TEST_STEP][PASSED] - click(findTestObject("Object Repository/Page_L Tm Anh Log in to the site/button_Log in")): Object: 'Object Repository/Page_L Tm Anh Log in to the site/button_Log in' is clicked on

2022-01-11 06:31:52 - [MESSAGE][PASSED] - Object: 'Object Repository/Page_L Tm Anh Log in to the site/button_Log in' is clicked on

2022-01-11 06:31:52 - [TEST_STEP][PASSED] - click(findTestObject("Object Repository/Page_Dashboard/i_See all_icon fa fa-comment-o fa-fw")): Object: 'Object Repository/Page_Dashboard/i_See all_icon fa fa-comment-o fa-fw' is clicked on

2022-01-11 06:32:23 - [MESSAGE][INFO] - Unable to find the element located by 'By.xpath: //a[@id='message-drawer-toggle-61da31feb585e61da31fe9dea25']/i'. Please recheck the objects properties to make sure the desired element is located. 

2022-01-11 06:32:23 - [MESSAGE][WARNING] - [SELF-HEALING] Failed to find element with id 'Object Repository/Page_Dashboard/i_See all_icon fa fa-comment-o fa-fw'. Try using Self-healing.

2022-01-11 06:32:23 - [MESSAGE][WARNING] - [SELF-HEALING] The current locator of test object 'Object Repository/Page_Dashboard/i_See all_icon fa fa-comment-o fa-fw' was broken. Propose an alternative one: '//div[2]/a/i'.

2022-01-11 06:32:23 - [MESSAGE][PASSED] - Object: 'Object Repository/Page_Dashboard/i_See all_icon fa fa-comment-o fa-fw' is clicked on

2022-01-11 06:32:23 - [TEST_STEP][PASSED] - click(findTestObject("Object Repository/Page_Dashboard/button_Private                             _e23f4d")): Object: 'Object Repository/Page_Dashboard/button_Private                             _e23f4d' is clicked on

2022-01-11 06:32:24 - [MESSAGE][PASSED] - Object: 'Object Repository/Page_Dashboard/button_Private                             _e23f4d' is clicked on

2022-01-11 06:32:24 - [TEST_STEP][PASSED] - click(findTestObject("Object Repository/Page_Dashboard/i__icon fa fa-chevron-right fa-fw")): Object: 'Object Repository/Page_Dashboard/i__icon fa fa-chevron-right fa-fw' is clicked on

2022-01-11 06:32:56 - [MESSAGE][INFO] - Unable to find the element located by 'By.xpath: //div[@id='view-overview-messages-target-61d5c032d7e3961d5c032c12767']/div[2]/a/div[2]/div[2]/div/span/i'. Please recheck the objects properties to make sure the desired element is located. 

2022-01-11 06:32:56 - [MESSAGE][WARNING] - [SELF-HEALING] Failed to find element with id 'Object Repository/Page_Dashboard/i__icon fa fa-chevron-right fa-fw'. Try using Self-healing.

2022-01-11 06:32:56 - [MESSAGE][WARNING] - [SELF-HEALING] The current locator of test object 'Object Repository/Page_Dashboard/i__icon fa fa-chevron-right fa-fw' was broken. Propose an alternative one: '//div[3]/div[2]/div[2]/a/div[2]/div[2]/div/span/i'.

2022-01-11 06:32:56 - [MESSAGE][PASSED] - Object: 'Object Repository/Page_Dashboard/i__icon fa fa-chevron-right fa-fw' is clicked on

2022-01-11 06:32:56 - [TEST_STEP][PASSED] - click(findTestObject("Object Repository/Page_Dashboard/button_Anh Lee_conversation-actions-menu-button")): Object: 'Object Repository/Page_Dashboard/button_Anh Lee_conversation-actions-menu-button' is clicked on

2022-01-11 06:32:57 - [MESSAGE][PASSED] - Object: 'Object Repository/Page_Dashboard/button_Anh Lee_conversation-actions-menu-button' is clicked on

2022-01-11 06:32:57 - [TEST_STEP][PASSED] - click(findTestObject("Object Repository/Page_Dashboard/a_User info")): Object: 'Object Repository/Page_Dashboard/a_User info' is clicked on

2022-01-11 06:32:58 - [MESSAGE][PASSED] - Object: 'Object Repository/Page_Dashboard/a_User info' is clicked on

2022-01-11 06:32:58 - [TEST_STEP][PASSED] - click(findTestObject("Object Repository/Page_Dashboard/button_Remove from contacts")): Object: 'Object Repository/Page_Dashboard/button_Remove from contacts' is clicked on

2022-01-11 06:32:59 - [MESSAGE][PASSED] - Object: 'Object Repository/Page_Dashboard/button_Remove from contacts' is clicked on

2022-01-11 06:32:59 - [TEST_STEP][PASSED] - click(findTestObject("Object Repository/Page_Dashboard/span_Remove")): Object: 'Object Repository/Page_Dashboard/span_Remove' is clicked on

2022-01-11 06:33:30 - [MESSAGE][INFO] - Unable to find the element located by 'By.xpath: //div[@id='yui_3_17_2_1_1641398322952_26']/div[3]/div/div[2]/div/button[3]/span'. Please recheck the objects properties to make sure the desired element is located. 

2022-01-11 06:33:30 - [MESSAGE][WARNING] - [SELF-HEALING] Failed to find element with id 'Object Repository/Page_Dashboard/span_Remove'. Try using Self-healing.

2022-01-11 06:33:30 - [MESSAGE][WARNING] - [SELF-HEALING] The current locator of test object 'Object Repository/Page_Dashboard/span_Remove' was broken. Propose an alternative one: '(.//*[normalize-space(text()) and normalize-space(.)='Unblock'])[1]/following::span[3]'.

2022-01-11 06:33:30 - [MESSAGE][PASSED] - Object: 'Object Repository/Page_Dashboard/span_Remove' is clicked on

2022-01-11 06:33:30 - [TEST_STEP][PASSED] - closeBrowser(): Browser is closed

2022-01-11 06:33:31 - [MESSAGE][PASSED] - Browser is closed]]></system-out>
         <system-err><![CDATA[]]></system-err>
      </testcase>
      <testcase name="Test Cases/Chat/Cancel block user" time="104.562" classname="Test Cases/Chat/Cancel block user" status="PASSED">
         <system-out><![CDATA[2022-01-11 06:33:31 - [TEST_CASE][PASSED] - Test Cases/Chat/Cancel block user: Test Cases/Chat/Cancel block user

2022-01-11 06:33:31 - [TEST_STEP][PASSED] - openBrowser(""): Browser is opened with url: ''

2022-01-11 06:33:31 - [MESSAGE][INFO] - Starting 'Chrome' driver

2022-01-11 06:33:31 - [MESSAGE][INFO] - Action delay is set to 0 milliseconds

2022-01-11 06:33:33 - [MESSAGE][PASSED] - Browser is opened with url: ''

2022-01-11 06:33:33 - [TEST_STEP][PASSED] - navigateToUrl("http://localhost/"): Navigate to 'http://localhost/' successfully

2022-01-11 06:33:33 - [MESSAGE][PASSED] - Navigate to 'http://localhost/' successfully

2022-01-11 06:33:33 - [TEST_STEP][PASSED] - click(findTestObject("Object Repository/Page_L Tm Anh/a_Log in")): Object: 'Object Repository/Page_L Tm Anh/a_Log in' is clicked on

2022-01-11 06:33:34 - [MESSAGE][PASSED] - Object: 'Object Repository/Page_L Tm Anh/a_Log in' is clicked on

2022-01-11 06:33:34 - [TEST_STEP][PASSED] - setText(findTestObject("Object Repository/Page_L Tm Anh Log in to the site/input_Username_username"), "admin"): Text 'admin' is set on object 'Object Repository/Page_L Tm Anh Log in to the site/input_Username_username'

2022-01-11 06:33:35 - [MESSAGE][PASSED] - Text 'admin' is set on object 'Object Repository/Page_L Tm Anh Log in to the site/input_Username_username'

2022-01-11 06:33:35 - [TEST_STEP][PASSED] - setEncryptedText(findTestObject("Object Repository/Page_L Tm Anh Log in to the site/input_Password_password"), "eGmz8XUbrLe3vUQiiiujBg=="): Text ****** has been set on object 'Object Repository/Page_L Tm Anh Log in to the site/input_Password_password'

2022-01-11 06:33:35 - [MESSAGE][PASSED] - Text ****** has been set on object 'Object Repository/Page_L Tm Anh Log in to the site/input_Password_password'

2022-01-11 06:33:35 - [TEST_STEP][PASSED] - click(findTestObject("Object Repository/Page_L Tm Anh Log in to the site/button_Log in")): Object: 'Object Repository/Page_L Tm Anh Log in to the site/button_Log in' is clicked on

2022-01-11 06:33:36 - [MESSAGE][PASSED] - Object: 'Object Repository/Page_L Tm Anh Log in to the site/button_Log in' is clicked on

2022-01-11 06:33:36 - [TEST_STEP][PASSED] - click(findTestObject("Object Repository/Page_Dashboard/a_0")): Object: 'Object Repository/Page_Dashboard/a_0' is clicked on

2022-01-11 06:34:07 - [MESSAGE][INFO] - Unable to find the element located by 'By.xpath: //a[@id='message-drawer-toggle-61dc107224f9a61dc1072131d45']'. Please recheck the objects properties to make sure the desired element is located. 

2022-01-11 06:34:07 - [MESSAGE][WARNING] - [SELF-HEALING] Failed to find element with id 'Object Repository/Page_Dashboard/a_0'. Try using Self-healing.

2022-01-11 06:34:08 - [MESSAGE][WARNING] - [SELF-HEALING] The current locator of test object 'Object Repository/Page_Dashboard/a_0' was broken. Propose an alternative one: '//div[@id='usernavigation']/div[2]/a'.

2022-01-11 06:34:08 - [MESSAGE][PASSED] - Object: 'Object Repository/Page_Dashboard/a_0' is clicked on

2022-01-11 06:34:08 - [TEST_STEP][PASSED] - setText(findTestObject("Object Repository/Page_Dashboard/input_Messages selected_form-control"), "student"): Text 'student' is set on object 'Object Repository/Page_Dashboard/input_Messages selected_form-control'

2022-01-11 06:34:09 - [MESSAGE][PASSED] - Text 'student' is set on object 'Object Repository/Page_Dashboard/input_Messages selected_form-control'

2022-01-11 06:34:09 - [TEST_STEP][PASSED] - click(findTestObject("Object Repository/Page_Dashboard/button_Messages selected_btn btn-submit ico_2a7788")): Object: 'Object Repository/Page_Dashboard/button_Messages selected_btn btn-submit ico_2a7788' is clicked on

2022-01-11 06:34:10 - [MESSAGE][PASSED] - Object: 'Object Repository/Page_Dashboard/button_Messages selected_btn btn-submit ico_2a7788' is clicked on

2022-01-11 06:34:10 - [TEST_STEP][PASSED] - click(findTestObject("Object Repository/Page_Dashboard/a_Student One")): Object: 'Object Repository/Page_Dashboard/a_Student One' is clicked on

2022-01-11 06:34:41 - [MESSAGE][INFO] - Unable to find the element located by 'By.xpath: //div[@id='yui_3_17_2_1_1641386046992_25']/div[6]/div/div/div/div[2]/div/a'. Please recheck the objects properties to make sure the desired element is located. 

2022-01-11 06:34:41 - [MESSAGE][WARNING] - [SELF-HEALING] Failed to find element with id 'Object Repository/Page_Dashboard/a_Student One'. Try using Self-healing.

2022-01-11 06:34:41 - [MESSAGE][WARNING] - [SELF-HEALING] The current locator of test object 'Object Repository/Page_Dashboard/a_Student One' was broken. Propose an alternative one: '(.//*[normalize-space(text()) and normalize-space(.)='Non-contacts'])[1]/following::a[1]'.

2022-01-11 06:34:41 - [MESSAGE][PASSED] - Object: 'Object Repository/Page_Dashboard/a_Student One' is clicked on

2022-01-11 06:34:41 - [TEST_STEP][PASSED] - click(findTestObject("Object Repository/Page_Dashboard/i_Student One_icon fa fa-ellipsis-h fa-fw")): Object: 'Object Repository/Page_Dashboard/i_Student One_icon fa fa-ellipsis-h fa-fw' is clicked on

2022-01-11 06:34:43 - [MESSAGE][PASSED] - Object: 'Object Repository/Page_Dashboard/i_Student One_icon fa fa-ellipsis-h fa-fw' is clicked on

2022-01-11 06:34:43 - [TEST_STEP][PASSED] - click(findTestObject("Object Repository/Page_Dashboard/a_Block user")): Object: 'Object Repository/Page_Dashboard/a_Block user' is clicked on

2022-01-11 06:34:44 - [MESSAGE][PASSED] - Object: 'Object Repository/Page_Dashboard/a_Block user' is clicked on

2022-01-11 06:34:44 - [TEST_STEP][PASSED] - click(findTestObject("Object Repository/Page_Dashboard/button_Cancel")): Object: 'Object Repository/Page_Dashboard/button_Cancel' is clicked on

2022-01-11 06:35:15 - [MESSAGE][INFO] - Unable to find the element located by 'By.xpath: (//button[@type='button'])[22]'. Please recheck the objects properties to make sure the desired element is located. 

2022-01-11 06:35:15 - [MESSAGE][WARNING] - [SELF-HEALING] Failed to find element with id 'Object Repository/Page_Dashboard/button_Cancel'. Try using Self-healing.

2022-01-11 06:35:15 - [MESSAGE][WARNING] - [SELF-HEALING] The current locator of test object 'Object Repository/Page_Dashboard/button_Cancel' was broken. Propose an alternative one: '(.//*[normalize-space(text()) and normalize-space(.)='OK'])[1]/following::button[1]'.

2022-01-11 06:35:15 - [MESSAGE][PASSED] - Object: 'Object Repository/Page_Dashboard/button_Cancel' is clicked on

2022-01-11 06:35:15 - [TEST_STEP][PASSED] - closeBrowser(): Browser is closed

2022-01-11 06:35:16 - [MESSAGE][PASSED] - Browser is closed]]></system-out>
         <system-err><![CDATA[]]></system-err>
      </testcase>
      <testcase name="Test Cases/Chat/Block user" time="74.948" classname="Test Cases/Chat/Block user" status="PASSED">
         <system-out><![CDATA[2022-01-11 06:35:16 - [TEST_CASE][PASSED] - Test Cases/Chat/Block user: Test Cases/Chat/Block user

2022-01-11 06:35:16 - [TEST_STEP][PASSED] - openBrowser(""): Browser is opened with url: ''

2022-01-11 06:35:16 - [MESSAGE][INFO] - Starting 'Chrome' driver

2022-01-11 06:35:16 - [MESSAGE][INFO] - Action delay is set to 0 milliseconds

2022-01-11 06:35:17 - [MESSAGE][PASSED] - Browser is opened with url: ''

2022-01-11 06:35:17 - [TEST_STEP][PASSED] - navigateToUrl("http://localhost/"): Navigate to 'http://localhost/' successfully

2022-01-11 06:35:18 - [MESSAGE][PASSED] - Navigate to 'http://localhost/' successfully

2022-01-11 06:35:18 - [TEST_STEP][PASSED] - click(findTestObject("Object Repository/Page_L Tm Anh/a_Log in")): Object: 'Object Repository/Page_L Tm Anh/a_Log in' is clicked on

2022-01-11 06:35:19 - [MESSAGE][PASSED] - Object: 'Object Repository/Page_L Tm Anh/a_Log in' is clicked on

2022-01-11 06:35:19 - [TEST_STEP][PASSED] - click(findTestObject("Object Repository/Page_L Tm Anh Log in to the site/form_Username                              _635ab4")): Object: 'Object Repository/Page_L Tm Anh Log in to the site/form_Username                              _635ab4' is clicked on

2022-01-11 06:35:19 - [MESSAGE][PASSED] - Object: 'Object Repository/Page_L Tm Anh Log in to the site/form_Username                              _635ab4' is clicked on

2022-01-11 06:35:19 - [TEST_STEP][PASSED] - setText(findTestObject("Object Repository/Page_L Tm Anh Log in to the site/input_Username_username"), "admin"): Text 'admin' is set on object 'Object Repository/Page_L Tm Anh Log in to the site/input_Username_username'

2022-01-11 06:35:20 - [MESSAGE][PASSED] - Text 'admin' is set on object 'Object Repository/Page_L Tm Anh Log in to the site/input_Username_username'

2022-01-11 06:35:20 - [TEST_STEP][PASSED] - setEncryptedText(findTestObject("Object Repository/Page_L Tm Anh Log in to the site/input_Password_password"), "eGmz8XUbrLe3vUQiiiujBg=="): Text ****** has been set on object 'Object Repository/Page_L Tm Anh Log in to the site/input_Password_password'

2022-01-11 06:35:20 - [MESSAGE][PASSED] - Text ****** has been set on object 'Object Repository/Page_L Tm Anh Log in to the site/input_Password_password'

2022-01-11 06:35:20 - [TEST_STEP][PASSED] - click(findTestObject("Object Repository/Page_L Tm Anh Log in to the site/button_Log in")): Object: 'Object Repository/Page_L Tm Anh Log in to the site/button_Log in' is clicked on

2022-01-11 06:35:21 - [MESSAGE][PASSED] - Object: 'Object Repository/Page_L Tm Anh Log in to the site/button_Log in' is clicked on

2022-01-11 06:35:21 - [TEST_STEP][PASSED] - click(findTestObject("Object Repository/Page_Dashboard/a_0")): Object: 'Object Repository/Page_Dashboard/a_0' is clicked on

2022-01-11 06:35:53 - [MESSAGE][INFO] - Unable to find the element located by 'By.xpath: //a[@id='message-drawer-toggle-61dc107224f9a61dc1072131d45']'. Please recheck the objects properties to make sure the desired element is located. 

2022-01-11 06:35:53 - [MESSAGE][WARNING] - [SELF-HEALING] Failed to find element with id 'Object Repository/Page_Dashboard/a_0'. Try using Self-healing.

2022-01-11 06:35:53 - [MESSAGE][WARNING] - [SELF-HEALING] The current locator of test object 'Object Repository/Page_Dashboard/a_0' was broken. Propose an alternative one: '//div[@id='usernavigation']/div[2]/a'.

2022-01-11 06:35:53 - [MESSAGE][PASSED] - Object: 'Object Repository/Page_Dashboard/a_0' is clicked on

2022-01-11 06:35:53 - [TEST_STEP][PASSED] - setText(findTestObject("Object Repository/Page_Dashboard/input_Messages selected_form-control"), "student"): Text 'student' is set on object 'Object Repository/Page_Dashboard/input_Messages selected_form-control'

2022-01-11 06:35:54 - [MESSAGE][PASSED] - Text 'student' is set on object 'Object Repository/Page_Dashboard/input_Messages selected_form-control'

2022-01-11 06:35:54 - [TEST_STEP][PASSED] - click(findTestObject("Object Repository/Page_Dashboard/button_Messages selected_btn btn-submit ico_2a7788")): Object: 'Object Repository/Page_Dashboard/button_Messages selected_btn btn-submit ico_2a7788' is clicked on

2022-01-11 06:35:55 - [MESSAGE][PASSED] - Object: 'Object Repository/Page_Dashboard/button_Messages selected_btn btn-submit ico_2a7788' is clicked on

2022-01-11 06:35:55 - [TEST_STEP][PASSED] - click(findTestObject("Object Repository/Page_Dashboard/a_Student Two")): Object: 'Object Repository/Page_Dashboard/a_Student Two' is clicked on

2022-01-11 06:36:26 - [MESSAGE][INFO] - Unable to find the element located by 'By.xpath: //div[@id='yui_3_17_2_1_1641382110919_25']/div[6]/div/div/div/div[2]/div/a[2]'. Please recheck the objects properties to make sure the desired element is located. 

2022-01-11 06:36:26 - [MESSAGE][WARNING] - [SELF-HEALING] Failed to find element with id 'Object Repository/Page_Dashboard/a_Student Two'. Try using Self-healing.

2022-01-11 06:36:27 - [MESSAGE][WARNING] - [SELF-HEALING] The current locator of test object 'Object Repository/Page_Dashboard/a_Student Two' was broken. Propose an alternative one: '(.//*[normalize-space(text()) and normalize-space(.)='Student'])[1]/following::a[1]'.

2022-01-11 06:36:27 - [MESSAGE][PASSED] - Object: 'Object Repository/Page_Dashboard/a_Student Two' is clicked on

2022-01-11 06:36:27 - [TEST_STEP][PASSED] - click(findTestObject("Object Repository/Page_Dashboard/i_Student Two_icon fa fa-ellipsis-h fa-fw")): Object: 'Object Repository/Page_Dashboard/i_Student Two_icon fa fa-ellipsis-h fa-fw' is clicked on

2022-01-11 06:36:28 - [MESSAGE][PASSED] - Object: 'Object Repository/Page_Dashboard/i_Student Two_icon fa fa-ellipsis-h fa-fw' is clicked on

2022-01-11 06:36:28 - [TEST_STEP][PASSED] - click(findTestObject("Object Repository/Page_Dashboard/a_User info")): Object: 'Object Repository/Page_Dashboard/a_User info' is clicked on

2022-01-11 06:36:29 - [MESSAGE][PASSED] - Object: 'Object Repository/Page_Dashboard/a_User info' is clicked on

2022-01-11 06:36:29 - [TEST_STEP][PASSED] - click(findTestObject("Object Repository/Page_Dashboard/button_Block user")): Object: 'Object Repository/Page_Dashboard/button_Block user' is clicked on

2022-01-11 06:36:29 - [MESSAGE][PASSED] - Object: 'Object Repository/Page_Dashboard/button_Block user' is clicked on

2022-01-11 06:36:29 - [TEST_STEP][PASSED] - click(findTestObject("Object Repository/Page_Dashboard/button_Block")): Object: 'Object Repository/Page_Dashboard/button_Block' is clicked on

2022-01-11 06:36:30 - [MESSAGE][PASSED] - Object: 'Object Repository/Page_Dashboard/button_Block' is clicked on

2022-01-11 06:36:30 - [TEST_STEP][PASSED] - closeBrowser(): Browser is closed

2022-01-11 06:36:31 - [MESSAGE][PASSED] - Browser is closed]]></system-out>
         <system-err><![CDATA[]]></system-err>
      </testcase>
      <testcase name="Test Cases/Chat/Cancel unblock user" time="104.748" classname="Test Cases/Chat/Cancel unblock user" status="PASSED">
         <system-out><![CDATA[2022-01-11 06:36:31 - [TEST_CASE][PASSED] - Test Cases/Chat/Cancel unblock user: Test Cases/Chat/Cancel unblock user

2022-01-11 06:36:31 - [TEST_STEP][PASSED] - openBrowser(""): Browser is opened with url: ''

2022-01-11 06:36:31 - [MESSAGE][INFO] - Starting 'Chrome' driver

2022-01-11 06:36:31 - [MESSAGE][INFO] - Action delay is set to 0 milliseconds

2022-01-11 06:36:32 - [MESSAGE][PASSED] - Browser is opened with url: ''

2022-01-11 06:36:32 - [TEST_STEP][PASSED] - navigateToUrl("http://localhost/"): Navigate to 'http://localhost/' successfully

2022-01-11 06:36:33 - [MESSAGE][PASSED] - Navigate to 'http://localhost/' successfully

2022-01-11 06:36:33 - [TEST_STEP][PASSED] - click(findTestObject("Object Repository/Page_L Tm Anh/a_Log in")): Object: 'Object Repository/Page_L Tm Anh/a_Log in' is clicked on

2022-01-11 06:36:34 - [MESSAGE][PASSED] - Object: 'Object Repository/Page_L Tm Anh/a_Log in' is clicked on

2022-01-11 06:36:34 - [TEST_STEP][PASSED] - setText(findTestObject("Object Repository/Page_L Tm Anh Log in to the site/input_Username_username"), "admin"): Text 'admin' is set on object 'Object Repository/Page_L Tm Anh Log in to the site/input_Username_username'

2022-01-11 06:36:34 - [MESSAGE][PASSED] - Text 'admin' is set on object 'Object Repository/Page_L Tm Anh Log in to the site/input_Username_username'

2022-01-11 06:36:34 - [TEST_STEP][PASSED] - setEncryptedText(findTestObject("Object Repository/Page_L Tm Anh Log in to the site/input_Password_password"), "eGmz8XUbrLe3vUQiiiujBg=="): Text ****** has been set on object 'Object Repository/Page_L Tm Anh Log in to the site/input_Password_password'

2022-01-11 06:36:35 - [MESSAGE][PASSED] - Text ****** has been set on object 'Object Repository/Page_L Tm Anh Log in to the site/input_Password_password'

2022-01-11 06:36:35 - [TEST_STEP][PASSED] - click(findTestObject("Object Repository/Page_L Tm Anh Log in to the site/button_Log in")): Object: 'Object Repository/Page_L Tm Anh Log in to the site/button_Log in' is clicked on

2022-01-11 06:36:36 - [MESSAGE][PASSED] - Object: 'Object Repository/Page_L Tm Anh Log in to the site/button_Log in' is clicked on

2022-01-11 06:36:36 - [TEST_STEP][PASSED] - click(findTestObject("Object Repository/Page_Dashboard/i_See all_icon fa fa-comment-o fa-fw")): Object: 'Object Repository/Page_Dashboard/i_See all_icon fa fa-comment-o fa-fw' is clicked on

2022-01-11 06:37:07 - [MESSAGE][INFO] - Unable to find the element located by 'By.xpath: //a[@id='message-drawer-toggle-61da31feb585e61da31fe9dea25']/i'. Please recheck the objects properties to make sure the desired element is located. 

2022-01-11 06:37:07 - [MESSAGE][WARNING] - [SELF-HEALING] Failed to find element with id 'Object Repository/Page_Dashboard/i_See all_icon fa fa-comment-o fa-fw'. Try using Self-healing.

2022-01-11 06:37:08 - [MESSAGE][WARNING] - [SELF-HEALING] The current locator of test object 'Object Repository/Page_Dashboard/i_See all_icon fa fa-comment-o fa-fw' was broken. Propose an alternative one: '//div[2]/a/i'.

2022-01-11 06:37:08 - [MESSAGE][PASSED] - Object: 'Object Repository/Page_Dashboard/i_See all_icon fa fa-comment-o fa-fw' is clicked on

2022-01-11 06:37:08 - [TEST_STEP][PASSED] - setText(findTestObject("Object Repository/Page_Dashboard/input_Messages selected_form-control"), "student"): Text 'student' is set on object 'Object Repository/Page_Dashboard/input_Messages selected_form-control'

2022-01-11 06:37:09 - [MESSAGE][PASSED] - Text 'student' is set on object 'Object Repository/Page_Dashboard/input_Messages selected_form-control'

2022-01-11 06:37:09 - [TEST_STEP][PASSED] - click(findTestObject("Object Repository/Page_Dashboard/i_Messages selected_icon fa fa-search fa-fw")): Object: 'Object Repository/Page_Dashboard/i_Messages selected_icon fa fa-search fa-fw' is clicked on

2022-01-11 06:37:40 - [MESSAGE][INFO] - Unable to find the element located by 'By.xpath: //div[@id='yui_3_17_2_1_1641689598842_31']/div[4]/div/div/div/button/span/i'. Please recheck the objects properties to make sure the desired element is located. 

2022-01-11 06:37:40 - [MESSAGE][WARNING] - [SELF-HEALING] Failed to find element with id 'Object Repository/Page_Dashboard/i_Messages selected_icon fa fa-search fa-fw'. Try using Self-healing.

2022-01-11 06:37:41 - [MESSAGE][WARNING] - [SELF-HEALING] The current locator of test object 'Object Repository/Page_Dashboard/i_Messages selected_icon fa fa-search fa-fw' was broken. Propose an alternative one: '//button/span/i'.

2022-01-11 06:37:41 - [MESSAGE][PASSED] - Object: 'Object Repository/Page_Dashboard/i_Messages selected_icon fa fa-search fa-fw' is clicked on

2022-01-11 06:37:41 - [TEST_STEP][PASSED] - click(findTestObject("Object Repository/Page_Dashboard/a_Student One")): Object: 'Object Repository/Page_Dashboard/a_Student One' is clicked on

2022-01-11 06:38:12 - [MESSAGE][INFO] - Unable to find the element located by 'By.xpath: //div[@id='yui_3_17_2_1_1641386046992_25']/div[6]/div/div/div/div[2]/div/a'. Please recheck the objects properties to make sure the desired element is located. 

2022-01-11 06:38:12 - [MESSAGE][WARNING] - [SELF-HEALING] Failed to find element with id 'Object Repository/Page_Dashboard/a_Student One'. Try using Self-healing.

2022-01-11 06:38:12 - [MESSAGE][WARNING] - [SELF-HEALING] The current locator of test object 'Object Repository/Page_Dashboard/a_Student One' was broken. Propose an alternative one: '(.//*[normalize-space(text()) and normalize-space(.)='Non-contacts'])[1]/following::a[1]'.

2022-01-11 06:38:12 - [MESSAGE][PASSED] - Object: 'Object Repository/Page_Dashboard/a_Student One' is clicked on

[...]

2022-01-11 07:31:10 - [TEST_STEP][PASSED] - setText(findTestObject("Object Repository/Page_L Tm Anh Log in to the site/input_Username_username"), "beta"): Text 'beta' is set on object 'Object Repository/Page_L Tm Anh Log in to the site/input_Username_username'

2022-01-11 07:31:11 - [MESSAGE][PASSED] - Text 'beta' is set on object 'Object Repository/Page_L Tm Anh Log in to the site/input_Username_username'

2022-01-11 07:31:11 - [TEST_STEP][PASSED] - setEncryptedText(findTestObject("Object Repository/Page_L Tm Anh Log in to the site/input_Password_password"), "eGmz8XUbrLe3vUQiiiujBg=="): Text ****** has been set on object 'Object Repository/Page_L Tm Anh Log in to the site/input_Password_password'

2022-01-11 07:31:11 - [MESSAGE][PASSED] - Text ****** has been set on object 'Object Repository/Page_L Tm Anh Log in to the site/input_Password_password'

2022-01-11 07:31:11 - [TEST_STEP][PASSED] - click(findTestObject("Object Repository/Page_L Tm Anh Log in to the site/button_Log in")): Object: 'Object Repository/Page_L Tm Anh Log in to the site/button_Log in' is clicked on

2022-01-11 07:31:12 - [MESSAGE][PASSED] - Object: 'Object Repository/Page_L Tm Anh Log in to the site/button_Log in' is clicked on

2022-01-11 07:31:12 - [TEST_STEP][PASSED] - click(findTestObject("Object Repository/Page_Dashboard/a_My courses")): Object: 'Object Repository/Page_Dashboard/a_My courses' is clicked on

2022-01-11 07:31:43 - [MESSAGE][INFO] - Unable to find the element located by 'By.xpath: //ul[@id='moremenu-61dcbbff9f06e-navbar-nav']/li[3]/a'. Please recheck the objects properties to make sure the desired element is located. 

2022-01-11 07:31:43 - [MESSAGE][WARNING] - [SELF-HEALING] Failed to find element with id 'Object Repository/Page_Dashboard/a_My courses'. Try using Self-healing.

2022-01-11 07:31:43 - [MESSAGE][WARNING] - [SELF-HEALING] The current locator of test object 'Object Repository/Page_Dashboard/a_My courses' was broken. Propose an alternative one: '//a[contains(text(),'My courses')]'.

2022-01-11 07:31:44 - [MESSAGE][PASSED] - Object: 'Object Repository/Page_Dashboard/a_My courses' is clicked on

2022-01-11 07:31:44 - [TEST_STEP][PASSED] - click(findTestObject("Object Repository/Page_My courses/div_Course image")): Object: 'Object Repository/Page_My courses/div_Course image' is clicked on

2022-01-11 07:31:45 - [MESSAGE][PASSED] - Object: 'Object Repository/Page_My courses/div_Course image' is clicked on

2022-01-11 07:31:45 - [TEST_STEP][PASSED] - click(findTestObject("Object Repository/Page_Course 2/a_More")): Object: 'Object Repository/Page_Course 2/a_More' is clicked on

2022-01-11 07:32:16 - [MESSAGE][INFO] - Unable to find the element located by 'By.xpath: //a[@id='moremenu-dropdown-61dcbc055a0de']'. Please recheck the objects properties to make sure the desired element is located. 

2022-01-11 07:32:16 - [MESSAGE][WARNING] - [SELF-HEALING] Failed to find element with id 'Object Repository/Page_Course 2/a_More'. Try using Self-healing.

2022-01-11 07:32:17 - [MESSAGE][WARNING] - [SELF-HEALING] The current locator of test object 'Object Repository/Page_Course 2/a_More' was broken. Propose an alternative one: '(//a[contains(text(),'More')])[2]'.

2022-01-11 07:32:17 - [MESSAGE][PASSED] - Object: 'Object Repository/Page_Course 2/a_More' is clicked on

2022-01-11 07:32:17 - [TEST_STEP][PASSED] - click(findTestObject("Object Repository/Page_Course 2/a_Question bank")): Object: 'Object Repository/Page_Course 2/a_Question bank' is clicked on

2022-01-11 07:32:48 - [MESSAGE][INFO] - Unable to find the element located by 'By.xpath: //li[@id='yui_3_17_2_1_1641856005443_47']/ul/li/a'. Please recheck the objects properties to make sure the desired element is located. 

2022-01-11 07:32:48 - [MESSAGE][WARNING] - [SELF-HEALING] Failed to find element with id 'Object Repository/Page_Course 2/a_Question bank'. Try using Self-healing.

2022-01-11 07:32:48 - [MESSAGE][WARNING] - [SELF-HEALING] The current locator of test object 'Object Repository/Page_Course 2/a_Question bank' was broken. Propose an alternative one: '//a[contains(text(),'Question bank')]'.

2022-01-11 07:32:49 - [MESSAGE][PASSED] - Object: 'Object Repository/Page_Course 2/a_Question bank' is clicked on

2022-01-11 07:32:49 - [TEST_STEP][PASSED] - scrollToElement(findTestObject("Object Repository/Page_Edit questions/a_Edit"), 0): Scroll to object 'Object Repository/Page_Edit questions/a_Edit' successfully

2022-01-11 07:32:49 - [MESSAGE][WARNING] - Timeout '0' is invalid. Using default page load timeout: '30'

2022-01-11 07:32:50 - [MESSAGE][PASSED] - Scroll to object 'Object Repository/Page_Edit questions/a_Edit' successfully

2022-01-11 07:32:50 - [TEST_STEP][PASSED] - click(findTestObject("Object Repository/Page_Edit questions/a_Edit")): Object: 'Object Repository/Page_Edit questions/a_Edit' is clicked on

2022-01-11 07:32:50 - [MESSAGE][PASSED] - Object: 'Object Repository/Page_Edit questions/a_Edit' is clicked on

2022-01-11 07:32:50 - [TEST_STEP][PASSED] - click(findTestObject("Object Repository/Page_Edit questions/span_Export as Moodle XML")): Object: 'Object Repository/Page_Edit questions/span_Export as Moodle XML' is clicked on

2022-01-11 07:32:51 - [MESSAGE][PASSED] - Object: 'Object Repository/Page_Edit questions/span_Export as Moodle XML' is clicked on

2022-01-11 07:32:51 - [TEST_STEP][PASSED] - closeBrowser(): Browser is closed

2022-01-11 07:32:52 - [MESSAGE][PASSED] - Browser is closed]]></system-out>
         <system-err><![CDATA[]]></system-err>
      </testcase>
      <testcase name="Test Cases/Question bank/Delete a question in question bank" time="136.538" classname="Test Cases/Question bank/Delete a question in question bank" status="PASSED">
         <system-out><![CDATA[2022-01-11 07:32:52 - [TEST_CASE][PASSED] - Test Cases/Question bank/Delete a question in question bank: Test Cases/Question bank/Delete a question in question bank

2022-01-11 07:32:52 - [TEST_STEP][PASSED] - openBrowser(""): Browser is opened with url: ''

2022-01-11 07:32:52 - [MESSAGE][INFO] - Starting 'Chrome' driver

2022-01-11 07:32:52 - [MESSAGE][INFO] - Action delay is set to 0 milliseconds

2022-01-11 07:32:53 - [MESSAGE][PASSED] - Browser is opened with url: ''

2022-01-11 07:32:53 - [TEST_STEP][PASSED] - navigateToUrl("http://localhost/"): Navigate to 'http://localhost/' successfully

2022-01-11 07:32:54 - [MESSAGE][PASSED] - Navigate to 'http://localhost/' successfully

2022-01-11 07:32:54 - [TEST_STEP][PASSED] - click(findTestObject("Object Repository/Page_L Tm Anh/a_Log in")): Object: 'Object Repository/Page_L Tm Anh/a_Log in' is clicked on

2022-01-11 07:32:54 - [MESSAGE][PASSED] - Object: 'Object Repository/Page_L Tm Anh/a_Log in' is clicked on

2022-01-11 07:32:54 - [TEST_STEP][PASSED] - setText(findTestObject("Object Repository/Page_L Tm Anh Log in to the site/input_Username_username"), "beta"): Text 'beta' is set on object 'Object Repository/Page_L Tm Anh Log in to the site/input_Username_username'

2022-01-11 07:32:55 - [MESSAGE][PASSED] - Text 'beta' is set on object 'Object Repository/Page_L Tm Anh Log in to the site/input_Username_username'

2022-01-11 07:32:55 - [TEST_STEP][PASSED] - setEncryptedText(findTestObject("Object Repository/Page_L Tm Anh Log in to the site/input_Password_password"), "eGmz8XUbrLe3vUQiiiujBg=="): Text ****** has been set on object 'Object Repository/Page_L Tm Anh Log in to the site/input_Password_password'

2022-01-11 07:32:55 - [MESSAGE][PASSED] - Text ****** has been set on object 'Object Repository/Page_L Tm Anh Log in to the site/input_Password_password'

2022-01-11 07:32:55 - [TEST_STEP][PASSED] - click(findTestObject("Object Repository/Page_L Tm Anh Log in to the site/button_Log in")): Object: 'Object Repository/Page_L Tm Anh Log in to the site/button_Log in' is clicked on

2022-01-11 07:32:56 - [MESSAGE][PASSED] - Object: 'Object Repository/Page_L Tm Anh Log in to the site/button_Log in' is clicked on

2022-01-11 07:32:56 - [TEST_STEP][PASSED] - click(findTestObject("Object Repository/Page_Dashboard/a_My courses")): Object: 'Object Repository/Page_Dashboard/a_My courses' is clicked on

2022-01-11 07:33:28 - [MESSAGE][INFO] - Unable to find the element located by 'By.xpath: //ul[@id='moremenu-61dcbbff9f06e-navbar-nav']/li[3]/a'. Please recheck the objects properties to make sure the desired element is located. 

2022-01-11 07:33:28 - [MESSAGE][WARNING] - [SELF-HEALING] Failed to find element with id 'Object Repository/Page_Dashboard/a_My courses'. Try using Self-healing.

2022-01-11 07:33:28 - [MESSAGE][WARNING] - [SELF-HEALING] The current locator of test object 'Object Repository/Page_Dashboard/a_My courses' was broken. Propose an alternative one: '//a[contains(text(),'My courses')]'.

2022-01-11 07:33:28 - [MESSAGE][PASSED] - Object: 'Object Repository/Page_Dashboard/a_My courses' is clicked on

2022-01-11 07:33:28 - [TEST_STEP][PASSED] - click(findTestObject("Object Repository/Page_My courses/div_Course image")): Object: 'Object Repository/Page_My courses/div_Course image' is clicked on

2022-01-11 07:33:30 - [MESSAGE][PASSED] - Object: 'Object Repository/Page_My courses/div_Course image' is clicked on

2022-01-11 07:33:30 - [TEST_STEP][PASSED] - click(findTestObject("Object Repository/Page_Course 2/a_More")): Object: 'Object Repository/Page_Course 2/a_More' is clicked on

2022-01-11 07:34:01 - [MESSAGE][INFO] - Unable to find the element located by 'By.xpath: //a[@id='moremenu-dropdown-61dcbc055a0de']'. Please recheck the objects properties to make sure the desired element is located. 

2022-01-11 07:34:01 - [MESSAGE][WARNING] - [SELF-HEALING] Failed to find element with id 'Object Repository/Page_Course 2/a_More'. Try using Self-healing.

2022-01-11 07:34:01 - [MESSAGE][WARNING] - [SELF-HEALING] The current locator of test object 'Object Repository/Page_Course 2/a_More' was broken. Propose an alternative one: '(//a[contains(text(),'More')])[2]'.

2022-01-11 07:34:01 - [MESSAGE][PASSED] - Object: 'Object Repository/Page_Course 2/a_More' is clicked on

2022-01-11 07:34:01 - [TEST_STEP][PASSED] - click(findTestObject("Object Repository/Page_Course 2/a_Question bank")): Object: 'Object Repository/Page_Course 2/a_Question bank' is clicked on

2022-01-11 07:34:32 - [MESSAGE][INFO] - Unable to find the element located by 'By.xpath: //li[@id='yui_3_17_2_1_1641856005443_47']/ul/li/a'. Please recheck the objects properties to make sure the desired element is located. 

2022-01-11 07:34:32 - [MESSAGE][WARNING] - [SELF-HEALING] Failed to find element with id 'Object Repository/Page_Course 2/a_Question bank'. Try using Self-healing.

2022-01-11 07:34:32 - [MESSAGE][WARNING] - [SELF-HEALING] The current locator of test object 'Object Repository/Page_Course 2/a_Question bank' was broken. Propose an alternative one: '//a[contains(text(),'Question bank')]'.

2022-01-11 07:34:33 - [MESSAGE][PASSED] - Object: 'Object Repository/Page_Course 2/a_Question bank' is clicked on

2022-01-11 07:34:33 - [TEST_STEP][PASSED] - scrollToElement(findTestObject("Object Repository/Page_Edit questions/a_Edit"), 0): Scroll to object 'Object Repository/Page_Edit questions/a_Edit' successfully

2022-01-11 07:34:33 - [MESSAGE][WARNING] - Timeout '0' is invalid. Using default page load timeout: '30'

2022-01-11 07:34:34 - [MESSAGE][PASSED] - Scroll to object 'Object Repository/Page_Edit questions/a_Edit' successfully

2022-01-11 07:34:34 - [TEST_STEP][PASSED] - click(findTestObject("Object Repository/Page_Edit questions/a_Edit")): Object: 'Object Repository/Page_Edit questions/a_Edit' is clicked on

2022-01-11 07:34:34 - [MESSAGE][PASSED] - Object: 'Object Repository/Page_Edit questions/a_Edit' is clicked on

2022-01-11 07:34:34 - [TEST_STEP][PASSED] - click(findTestObject("Object Repository/Page_Edit questions/a_Delete")): Object: 'Object Repository/Page_Edit questions/a_Delete' is clicked on

2022-01-11 07:34:35 - [MESSAGE][PASSED] - Object: 'Object Repository/Page_Edit questions/a_Delete' is clicked on

2022-01-11 07:34:35 - [TEST_STEP][PASSED] - click(findTestObject("Object Repository/Page_Delete selected question/button_Delete")): Object: 'Object Repository/Page_Delete selected question/button_Delete' is clicked on

2022-01-11 07:35:06 - [MESSAGE][INFO] - Unable to find the element located by 'By.xpath: //button[@id='single_button61dcbc1b7f5f96']'. Please recheck the objects properties to make sure the desired element is located. 

2022-01-11 07:35:06 - [MESSAGE][WARNING] - [SELF-HEALING] Failed to find element with id 'Object Repository/Page_Delete selected question/button_Delete'. Try using Self-healing.

2022-01-11 07:35:07 - [MESSAGE][WARNING] - [SELF-HEALING] The current locator of test object 'Object Repository/Page_Delete selected question/button_Delete' was broken. Propose an alternative one: '//div[@id='modal-footer']/div/div/form/button'.

2022-01-11 07:35:07 - [MESSAGE][PASSED] - Object: 'Object Repository/Page_Delete selected question/button_Delete' is clicked on

2022-01-11 07:35:07 - [TEST_STEP][PASSED] - closeBrowser(): Browser is closed

2022-01-11 07:35:08 - [MESSAGE][PASSED] - Browser is closed]]></system-out>
         <system-err><![CDATA[]]></system-err>
      </testcase>
      <system-out><![CDATA[2022-01-11 06:14:28 - [TEST_SUITE][FAILED] - Iteration 2: Test Cases/I1/Create a event user type (event button) FAILED.
Reason:
com.kms.katalon.core.exception.StepFailedException: Unable to select option by value '6' of object 'Object Repository/Page_Dashboard/select_1        2        3        4        _45ea30'  using regular expression
	at com.kms.katalon.core.webui.keyword.internal.WebUIKeywordMain.stepFailed(WebUIKeywordMain.groovy:64)
	at com.kms.katalon.core.webui.keyword.internal.WebUIKeywordMain.runKeyword(WebUIKeywordMain.groovy:26)
	at com.kms.katalon.core.webui.keyword.builtin.SelectOptionByValueKeyword.selectOptionByValue(SelectOptionByValueKeyword.groovy:99)
	at com.kms.katalon.core.webui.keyword.builtin.SelectOptionByValueKeyword.execute(SelectOptionByValueKeyword.groovy:71)
	at com.kms.katalon.core.keyword.internal.KeywordExecutor.executeKeywordForPlatform(KeywordExecutor.groovy:74)
	at com.kms.katalon.core.webui.keyword.WebUiBuiltInKeywords.selectOptionByValue(WebUiBuiltInKeywords.groovy:1168)
	at com.kms.katalon.core.webui.keyword.WebUiBuiltInKeywords$selectOptionByValue$5.call(Unknown Source)
	at Create a event user type (event button).run(Create a event user type (event button):34)
	at com.kms.katalon.core.main.ScriptEngine.run(ScriptEngine.java:194)
	at com.kms.katalon.core.main.ScriptEngine.runScriptAsRawText(ScriptEngine.java:119)
	at com.kms.katalon.core.main.TestCaseExecutor.runScript(TestCaseExecutor.java:442)
	at com.kms.katalon.core.main.TestCaseExecutor.doExecute(TestCaseExecutor.java:433)
	at com.kms.katalon.core.main.TestCaseExecutor.processExecutionPhase(TestCaseExecutor.java:412)
	at com.kms.katalon.core.main.TestCaseExecutor.accessMainPhase(TestCaseExecutor.java:404)
	at com.kms.katalon.core.main.TestCaseExecutor.execute(TestCaseExecutor.java:281)
	at com.kms.katalon.core.main.TestSuiteExecutor.accessTestCaseMainPhase(TestSuiteExecutor.java:202)
	at com.kms.katalon.core.main.TestSuiteExecutor.accessTestSuiteMainPhase(TestSuiteExecutor.java:164)
	at com.kms.katalon.core.main.TestSuiteExecutor.execute(TestSuiteExecutor.java:105)
	at com.kms.katalon.core.main.TestCaseMain.startTestSuite(TestCaseMain.java:181)
	at com.kms.katalon.core.main.TestCaseMain$startTestSuite$0.call(Unknown Source)
	at TempTestSuite1641856461702.run(TempTestSuite1641856461702.groovy:36)
Caused by: com.kms.katalon.core.webui.exception.WebElementNotFoundException: Web element with id: 'Object Repository/Page_Dashboard/select_1        2        3        4        _45ea30' located by '//select[@id='id_timestart_day']' not found
	at com.kms.katalon.core.webui.common.WebUiCommonHelper.findWebElement(WebUiCommonHelper.java:1368)
	at com.kms.katalon.core.webui.keyword.internal.WebUIAbstractKeyword.findWebElement(WebUIAbstractKeyword.groovy:27)
	at com.kms.katalon.core.webui.keyword.internal.WebUIAbstractKeyword.findWebElement(WebUIAbstractKeyword.groovy:26)
	at com.kms.katalon.core.webui.keyword.builtin.SelectOptionByValueKeyword$_selectOptionByValue_closure1.doCall(SelectOptionByValueKeyword.groovy:86)
	at com.kms.katalon.core.webui.keyword.builtin.SelectOptionByValueKeyword$_selectOptionByValue_closure1.call(SelectOptionByValueKeyword.groovy)
	at com.kms.katalon.core.webui.keyword.internal.WebUIKeywordMain.runKeyword(WebUIKeywordMain.groovy:20)
	... 19 more]]></system-out>
      <system-err><![CDATA[2022-01-11 06:14:28 - [TEST_SUITE][FAILED] - Iteration 2: Test Cases/I1/Create a event user type (event button) FAILED.
Reason:
com.kms.katalon.core.exception.StepFailedException: Unable to select option by value '6' of object 'Object Repository/Page_Dashboard/select_1        2        3        4        _45ea30'  using regular expression
	at com.kms.katalon.core.webui.keyword.internal.WebUIKeywordMain.stepFailed(WebUIKeywordMain.groovy:64)
	at com.kms.katalon.core.webui.keyword.internal.WebUIKeywordMain.runKeyword(WebUIKeywordMain.groovy:26)
	at com.kms.katalon.core.webui.keyword.builtin.SelectOptionByValueKeyword.selectOptionByValue(SelectOptionByValueKeyword.groovy:99)
	at com.kms.katalon.core.webui.keyword.builtin.SelectOptionByValueKeyword.execute(SelectOptionByValueKeyword.groovy:71)
	at com.kms.katalon.core.keyword.internal.KeywordExecutor.executeKeywordForPlatform(KeywordExecutor.groovy:74)
	at com.kms.katalon.core.webui.keyword.WebUiBuiltInKeywords.selectOptionByValue(WebUiBuiltInKeywords.groovy:1168)
	at com.kms.katalon.core.webui.keyword.WebUiBuiltInKeywords$selectOptionByValue$5.call(Unknown Source)
	at Create a event user type (event button).run(Create a event user type (event button):34)
	at com.kms.katalon.core.main.ScriptEngine.run(ScriptEngine.java:194)
	at com.kms.katalon.core.main.ScriptEngine.runScriptAsRawText(ScriptEngine.java:119)
	at com.kms.katalon.core.main.TestCaseExecutor.runScript(TestCaseExecutor.java:442)
	at com.kms.katalon.core.main.TestCaseExecutor.doExecute(TestCaseExecutor.java:433)
	at com.kms.katalon.core.main.TestCaseExecutor.processExecutionPhase(TestCaseExecutor.java:412)
	at com.kms.katalon.core.main.TestCaseExecutor.accessMainPhase(TestCaseExecutor.java:404)
	at com.kms.katalon.core.main.TestCaseExecutor.execute(TestCaseExecutor.java:281)
	at com.kms.katalon.core.main.TestSuiteExecutor.accessTestCaseMainPhase(TestSuiteExecutor.java:202)
	at com.kms.katalon.core.main.TestSuiteExecutor.accessTestSuiteMainPhase(TestSuiteExecutor.java:164)
	at com.kms.katalon.core.main.TestSuiteExecutor.execute(TestSuiteExecutor.java:105)
	at com.kms.katalon.core.main.TestCaseMain.startTestSuite(TestCaseMain.java:181)
	at com.kms.katalon.core.main.TestCaseMain$startTestSuite$0.call(Unknown Source)
	at TempTestSuite1641856461702.run(TempTestSuite1641856461702.groovy:36)
Caused by: com.kms.katalon.core.webui.exception.WebElementNotFoundException: Web element with id: 'Object Repository/Page_Dashboard/select_1        2        3        4        _45ea30' located by '//select[@id='id_timestart_day']' not found
	at com.kms.katalon.core.webui.common.WebUiCommonHelper.findWebElement(WebUiCommonHelper.java:1368)
	at com.kms.katalon.core.webui.keyword.internal.WebUIAbstractKeyword.findWebElement(WebUIAbstractKeyword.groovy:27)
	at com.kms.katalon.core.webui.keyword.internal.WebUIAbstractKeyword.findWebElement(WebUIAbstractKeyword.groovy:26)
	at com.kms.katalon.core.webui.keyword.builtin.SelectOptionByValueKeyword$_selectOptionByValue_closure1.doCall(SelectOptionByValueKeyword.groovy:86)
	at com.kms.katalon.core.webui.keyword.builtin.SelectOptionByValueKeyword$_selectOptionByValue_closure1.call(SelectOptionByValueKeyword.groovy)
	at com.kms.katalon.core.webui.keyword.internal.WebUIKeywordMain.runKeyword(WebUIKeywordMain.groovy:20)
	... 19 more]]></system-err>
   </testsuite>
</testsuites>
